-------------------------------------------------------------------------------
Test set: cumulocity.microservice.translation.manager.AppTest
-------------------------------------------------------------------------------
Tests run: 1, Failures: 0, Errors: 1, Skipped: 0, Time elapsed: 17.25 sec <<< FAILURE!
contextLoads(cumulocity.microservice.translation.manager.AppTest)  Time elapsed: 0.003 sec  <<< ERROR!
java.lang.IllegalStateException: Failed to load ApplicationContext
	at org.springframework.test.context.cache.DefaultCacheAwareContextLoaderDelegate.loadContext(DefaultCacheAwareContextLoaderDelegate.java:98)
	at org.springframework.test.context.support.DefaultTestContext.getApplicationContext(DefaultTestContext.java:124)
	at org.springframework.test.context.web.ServletTestExecutionListener.setUpRequestContextIfNecessary(ServletTestExecutionListener.java:190)
	at org.springframework.test.context.web.ServletTestExecutionListener.prepareTestInstance(ServletTestExecutionListener.java:132)
	at org.springframework.test.context.TestContextManager.prepareTestInstance(TestContextManager.java:248)
	at org.springframework.test.context.junit4.SpringJUnit4ClassRunner.createTest(SpringJUnit4ClassRunner.java:227)
	at org.springframework.test.context.junit4.SpringJUnit4ClassRunner$1.runReflectiveCall(SpringJUnit4ClassRunner.java:289)
	at org.junit.internal.runners.model.ReflectiveCallable.run(ReflectiveCallable.java:12)
	at org.springframework.test.context.junit4.SpringJUnit4ClassRunner.methodBlock(SpringJUnit4ClassRunner.java:291)
	at org.springframework.test.context.junit4.SpringJUnit4ClassRunner.runChild(SpringJUnit4ClassRunner.java:246)
	at org.springframework.test.context.junit4.SpringJUnit4ClassRunner.runChild(SpringJUnit4ClassRunner.java:97)
	at org.junit.runners.ParentRunner$4.run(ParentRunner.java:331)
	at org.junit.runners.ParentRunner$1.schedule(ParentRunner.java:79)
	at org.junit.runners.ParentRunner.runChildren(ParentRunner.java:329)
	at org.junit.runners.ParentRunner.access$100(ParentRunner.java:66)
	at org.junit.runners.ParentRunner$2.evaluate(ParentRunner.java:293)
	at org.springframework.test.context.junit4.statements.RunBeforeTestClassCallbacks.evaluate(RunBeforeTestClassCallbacks.java:61)
	at org.springframework.test.context.junit4.statements.RunAfterTestClassCallbacks.evaluate(RunAfterTestClassCallbacks.java:70)
	at org.junit.runners.ParentRunner$3.evaluate(ParentRunner.java:306)
	at org.junit.runners.ParentRunner.run(ParentRunner.java:413)
	at org.springframework.test.context.junit4.SpringJUnit4ClassRunner.run(SpringJUnit4ClassRunner.java:190)
	at org.apache.maven.surefire.junit4.JUnit4Provider.execute(JUnit4Provider.java:252)
	at org.apache.maven.surefire.junit4.JUnit4Provider.executeTestSet(JUnit4Provider.java:141)
	at org.apache.maven.surefire.junit4.JUnit4Provider.invoke(JUnit4Provider.java:112)
	at java.base/jdk.internal.reflect.NativeMethodAccessorImpl.invoke0(Native Method)
	at java.base/jdk.internal.reflect.NativeMethodAccessorImpl.invoke(NativeMethodAccessorImpl.java:62)
	at java.base/jdk.internal.reflect.DelegatingMethodAccessorImpl.invoke(DelegatingMethodAccessorImpl.java:43)
	at java.base/java.lang.reflect.Method.invoke(Method.java:566)
	at org.apache.maven.surefire.util.ReflectionUtils.invokeMethodWithArray(ReflectionUtils.java:189)
	at org.apache.maven.surefire.booter.ProviderFactory$ProviderProxy.invoke(ProviderFactory.java:165)
	at org.apache.maven.surefire.booter.ProviderFactory.invokeProvider(ProviderFactory.java:85)
	at org.apache.maven.surefire.booter.ForkedBooter.runSuitesInProcess(ForkedBooter.java:115)
	at org.apache.maven.surefire.booter.ForkedBooter.main(ForkedBooter.java:75)
Caused by: org.springframework.beans.factory.UnsatisfiedDependencyException: Error creating bean with name 'org.springframework.security.config.annotation.web.configuration.WebSecurityConfiguration': Unsatisfied dependency expressed through method 'setFilterChains' parameter 0; nested exception is org.springframework.beans.factory.UnsatisfiedDependencyException: Error creating bean with name 'apiFilterChanin' defined in class path resource [cumulocity/microservice/translation/manager/config/AppSpecificSecurityConfig.class]: Unsatisfied dependency expressed through method 'apiFilterChanin' parameter 0; nested exception is org.springframework.beans.factory.BeanCreationException: Error creating bean with name 'org.springframework.security.config.annotation.web.configuration.HttpSecurityConfiguration.httpSecurity' defined in class path resource [org/springframework/security/config/annotation/web/configuration/HttpSecurityConfiguration.class]: Bean instantiation via factory method failed; nested exception is org.springframework.beans.BeanInstantiationException: Failed to instantiate [org.springframework.security.config.annotation.web.builders.HttpSecurity]: Factory method 'httpSecurity' threw exception; nested exception is org.springframework.beans.factory.UnsatisfiedDependencyException: Error creating bean with name 'com.cumulocity.microservice.security.token.CumulocityOAuthConfiguration$AuthenticationConfigurer': Unsatisfied dependency expressed through field 'jwtTokenAuthenticationProvider'; nested exception is org.springframework.beans.factory.UnsatisfiedDependencyException: Error creating bean with name 'jwtTokenAuthenticationProvider' defined in com.cumulocity.microservice.security.token.CumulocityOAuthConfiguration: Unsatisfied dependency expressed through method 'jwtTokenAuthenticationProvider' parameter 0; nested exception is org.springframework.beans.factory.BeanCreationException: Error creating bean with name 'jwtAuthenticatedTokenCache' defined in com.cumulocity.microservice.security.annotation.TokenCacheConfiguration: Bean instantiation via factory method failed; nested exception is org.springframework.beans.BeanInstantiationException: Failed to instantiate [com.cumulocity.microservice.security.token.JwtAuthenticatedTokenCache]: Factory method 'jwtAuthenticatedTokenCache' threw exception; nested exception is com.google.common.util.concurrent.UncheckedExecutionException: org.springframework.beans.factory.BeanCreationException: Error creating bean with name 'scopedTarget.tenantRestConnector' defined in com.cumulocity.microservice.api.CumulocityClientFeature$TenantPlatformConfig: Bean instantiation via factory method failed; nested exception is org.springframework.beans.BeanInstantiationException: Failed to instantiate [com.cumulocity.sdk.client.RestConnector]: Factory method 'tenantRestConnector' threw exception; nested exception is org.springframework.beans.factory.BeanCreationException: Error creating bean with name 'scopedTarget.tenantPlatform': Injection of autowired dependencies failed; nested exception is java.lang.StringIndexOutOfBoundsException: String index out of range: -1
	at org.springframework.beans.factory.annotation.AutowiredAnnotationBeanPostProcessor$AutowiredMethodElement.resolveMethodArguments(AutowiredAnnotationBeanPostProcessor.java:768)
	at org.springframework.beans.factory.annotation.AutowiredAnnotationBeanPostProcessor$AutowiredMethodElement.inject(AutowiredAnnotationBeanPostProcessor.java:720)
	at org.springframework.beans.factory.annotation.InjectionMetadata.inject(InjectionMetadata.java:119)
	at org.springframework.beans.factory.annotation.AutowiredAnnotationBeanPostProcessor.postProcessProperties(AutowiredAnnotationBeanPostProcessor.java:399)
	at org.springframework.beans.factory.support.AbstractAutowireCapableBeanFactory.populateBean(AbstractAutowireCapableBeanFactory.java:1431)
	at org.springframework.beans.factory.support.AbstractAutowireCapableBeanFactory.doCreateBean(AbstractAutowireCapableBeanFactory.java:619)
	at org.springframework.beans.factory.support.AbstractAutowireCapableBeanFactory.createBean(AbstractAutowireCapableBeanFactory.java:542)
	at org.springframework.beans.factory.support.AbstractBeanFactory.lambda$doGetBean$0(AbstractBeanFactory.java:335)
	at org.springframework.beans.factory.support.DefaultSingletonBeanRegistry.getSingleton(DefaultSingletonBeanRegistry.java:234)
	at org.springframework.beans.factory.support.AbstractBeanFactory.doGetBean(AbstractBeanFactory.java:333)
	at org.springframework.beans.factory.support.AbstractBeanFactory.getBean(AbstractBeanFactory.java:208)
	at org.springframework.beans.factory.support.DefaultListableBeanFactory.preInstantiateSingletons(DefaultListableBeanFactory.java:955)
	at org.springframework.context.support.AbstractApplicationContext.finishBeanFactoryInitialization(AbstractApplicationContext.java:918)
	at org.springframework.context.support.AbstractApplicationContext.refresh(AbstractApplicationContext.java:583)
	at org.springframework.boot.SpringApplication.refresh(SpringApplication.java:731)
	at org.springframework.boot.SpringApplication.refreshContext(SpringApplication.java:408)
	at org.springframework.boot.SpringApplication.run(SpringApplication.java:307)
	at org.springframework.boot.test.context.SpringBootContextLoader.loadContext(SpringBootContextLoader.java:136)
	at org.springframework.test.context.cache.DefaultCacheAwareContextLoaderDelegate.loadContextInternal(DefaultCacheAwareContextLoaderDelegate.java:141)
	at org.springframework.test.context.cache.DefaultCacheAwareContextLoaderDelegate.loadContext(DefaultCacheAwareContextLoaderDelegate.java:90)
	... 32 more
Caused by: org.springframework.beans.factory.UnsatisfiedDependencyException: Error creating bean with name 'apiFilterChanin' defined in class path resource [cumulocity/microservice/translation/manager/config/AppSpecificSecurityConfig.class]: Unsatisfied dependency expressed through method 'apiFilterChanin' parameter 0; nested exception is org.springframework.beans.factory.BeanCreationException: Error creating bean with name 'org.springframework.security.config.annotation.web.configuration.HttpSecurityConfiguration.httpSecurity' defined in class path resource [org/springframework/security/config/annotation/web/configuration/HttpSecurityConfiguration.class]: Bean instantiation via factory method failed; nested exception is org.springframework.beans.BeanInstantiationException: Failed to instantiate [org.springframework.security.config.annotation.web.builders.HttpSecurity]: Factory method 'httpSecurity' threw exception; nested exception is org.springframework.beans.factory.UnsatisfiedDependencyException: Error creating bean with name 'com.cumulocity.microservice.security.token.CumulocityOAuthConfiguration$AuthenticationConfigurer': Unsatisfied dependency expressed through field 'jwtTokenAuthenticationProvider'; nested exception is org.springframework.beans.factory.UnsatisfiedDependencyException: Error creating bean with name 'jwtTokenAuthenticationProvider' defined in com.cumulocity.microservice.security.token.CumulocityOAuthConfiguration: Unsatisfied dependency expressed through method 'jwtTokenAuthenticationProvider' parameter 0; nested exception is org.springframework.beans.factory.BeanCreationException: Error creating bean with name 'jwtAuthenticatedTokenCache' defined in com.cumulocity.microservice.security.annotation.TokenCacheConfiguration: Bean instantiation via factory method failed; nested exception is org.springframework.beans.BeanInstantiationException: Failed to instantiate [com.cumulocity.microservice.security.token.JwtAuthenticatedTokenCache]: Factory method 'jwtAuthenticatedTokenCache' threw exception; nested exception is com.google.common.util.concurrent.UncheckedExecutionException: org.springframework.beans.factory.BeanCreationException: Error creating bean with name 'scopedTarget.tenantRestConnector' defined in com.cumulocity.microservice.api.CumulocityClientFeature$TenantPlatformConfig: Bean instantiation via factory method failed; nested exception is org.springframework.beans.BeanInstantiationException: Failed to instantiate [com.cumulocity.sdk.client.RestConnector]: Factory method 'tenantRestConnector' threw exception; nested exception is org.springframework.beans.factory.BeanCreationException: Error creating bean with name 'scopedTarget.tenantPlatform': Injection of autowired dependencies failed; nested exception is java.lang.StringIndexOutOfBoundsException: String index out of range: -1
	at org.springframework.beans.factory.support.ConstructorResolver.createArgumentArray(ConstructorResolver.java:800)
	at org.springframework.beans.factory.support.ConstructorResolver.instantiateUsingFactoryMethod(ConstructorResolver.java:541)
	at org.springframework.beans.factory.support.AbstractAutowireCapableBeanFactory.instantiateUsingFactoryMethod(AbstractAutowireCapableBeanFactory.java:1352)
	at org.springframework.beans.factory.support.AbstractAutowireCapableBeanFactory.createBeanInstance(AbstractAutowireCapableBeanFactory.java:1195)
	at org.springframework.beans.factory.support.AbstractAutowireCapableBeanFactory.doCreateBean(AbstractAutowireCapableBeanFactory.java:582)
	at org.springframework.beans.factory.support.AbstractAutowireCapableBeanFactory.createBean(AbstractAutowireCapableBeanFactory.java:542)
	at org.springframework.beans.factory.support.AbstractBeanFactory.lambda$doGetBean$0(AbstractBeanFactory.java:335)
	at org.springframework.beans.factory.support.DefaultSingletonBeanRegistry.getSingleton(DefaultSingletonBeanRegistry.java:234)
	at org.springframework.beans.factory.support.AbstractBeanFactory.doGetBean(AbstractBeanFactory.java:333)
	at org.springframework.beans.factory.support.AbstractBeanFactory.getBean(AbstractBeanFactory.java:208)
	at org.springframework.beans.factory.config.DependencyDescriptor.resolveCandidate(DependencyDescriptor.java:276)
	at org.springframework.beans.factory.support.DefaultListableBeanFactory.addCandidateEntry(DefaultListableBeanFactory.java:1609)
	at org.springframework.beans.factory.support.DefaultListableBeanFactory.findAutowireCandidates(DefaultListableBeanFactory.java:1573)
	at org.springframework.beans.factory.support.DefaultListableBeanFactory.resolveMultipleBeans(DefaultListableBeanFactory.java:1462)
	at org.springframework.beans.factory.support.DefaultListableBeanFactory.doResolveDependency(DefaultListableBeanFactory.java:1349)
	at org.springframework.beans.factory.support.DefaultListableBeanFactory.resolveDependency(DefaultListableBeanFactory.java:1311)
	at org.springframework.beans.factory.annotation.AutowiredAnnotationBeanPostProcessor$AutowiredMethodElement.resolveMethodArguments(AutowiredAnnotationBeanPostProcessor.java:760)
	... 51 more
Caused by: org.springframework.beans.factory.BeanCreationException: Error creating bean with name 'org.springframework.security.config.annotation.web.configuration.HttpSecurityConfiguration.httpSecurity' defined in class path resource [org/springframework/security/config/annotation/web/configuration/HttpSecurityConfiguration.class]: Bean instantiation via factory method failed; nested exception is org.springframework.beans.BeanInstantiationException: Failed to instantiate [org.springframework.security.config.annotation.web.builders.HttpSecurity]: Factory method 'httpSecurity' threw exception; nested exception is org.springframework.beans.factory.UnsatisfiedDependencyException: Error creating bean with name 'com.cumulocity.microservice.security.token.CumulocityOAuthConfiguration$AuthenticationConfigurer': Unsatisfied dependency expressed through field 'jwtTokenAuthenticationProvider'; nested exception is org.springframework.beans.factory.UnsatisfiedDependencyException: Error creating bean with name 'jwtTokenAuthenticationProvider' defined in com.cumulocity.microservice.security.token.CumulocityOAuthConfiguration: Unsatisfied dependency expressed through method 'jwtTokenAuthenticationProvider' parameter 0; nested exception is org.springframework.beans.factory.BeanCreationException: Error creating bean with name 'jwtAuthenticatedTokenCache' defined in com.cumulocity.microservice.security.annotation.TokenCacheConfiguration: Bean instantiation via factory method failed; nested exception is org.springframework.beans.BeanInstantiationException: Failed to instantiate [com.cumulocity.microservice.security.token.JwtAuthenticatedTokenCache]: Factory method 'jwtAuthenticatedTokenCache' threw exception; nested exception is com.google.common.util.concurrent.UncheckedExecutionException: org.springframework.beans.factory.BeanCreationException: Error creating bean with name 'scopedTarget.tenantRestConnector' defined in com.cumulocity.microservice.api.CumulocityClientFeature$TenantPlatformConfig: Bean instantiation via factory method failed; nested exception is org.springframework.beans.BeanInstantiationException: Failed to instantiate [com.cumulocity.sdk.client.RestConnector]: Factory method 'tenantRestConnector' threw exception; nested exception is org.springframework.beans.factory.BeanCreationException: Error creating bean with name 'scopedTarget.tenantPlatform': Injection of autowired dependencies failed; nested exception is java.lang.StringIndexOutOfBoundsException: String index out of range: -1
	at org.springframework.beans.factory.support.ConstructorResolver.instantiate(ConstructorResolver.java:658)
	at org.springframework.beans.factory.support.ConstructorResolver.instantiateUsingFactoryMethod(ConstructorResolver.java:486)
	at org.springframework.beans.factory.support.AbstractAutowireCapableBeanFactory.instantiateUsingFactoryMethod(AbstractAutowireCapableBeanFactory.java:1352)
	at org.springframework.beans.factory.support.AbstractAutowireCapableBeanFactory.createBeanInstance(AbstractAutowireCapableBeanFactory.java:1195)
	at org.springframework.beans.factory.support.AbstractAutowireCapableBeanFactory.doCreateBean(AbstractAutowireCapableBeanFactory.java:582)
	at org.springframework.beans.factory.support.AbstractAutowireCapableBeanFactory.createBean(AbstractAutowireCapableBeanFactory.java:542)
	at org.springframework.beans.factory.support.AbstractBeanFactory.doGetBean(AbstractBeanFactory.java:353)
	at org.springframework.beans.factory.support.AbstractBeanFactory.getBean(AbstractBeanFactory.java:208)
	at org.springframework.beans.factory.config.DependencyDescriptor.resolveCandidate(DependencyDescriptor.java:276)
	at org.springframework.beans.factory.support.DefaultListableBeanFactory.doResolveDependency(DefaultListableBeanFactory.java:1391)
	at org.springframework.beans.factory.support.DefaultListableBeanFactory.resolveDependency(DefaultListableBeanFactory.java:1311)
	at org.springframework.beans.factory.support.ConstructorResolver.resolveAutowiredArgument(ConstructorResolver.java:887)
	at org.springframework.beans.factory.support.ConstructorResolver.createArgumentArray(ConstructorResolver.java:791)
	... 67 more
Caused by: org.springframework.beans.BeanInstantiationException: Failed to instantiate [org.springframework.security.config.annotation.web.builders.HttpSecurity]: Factory method 'httpSecurity' threw exception; nested exception is org.springframework.beans.factory.UnsatisfiedDependencyException: Error creating bean with name 'com.cumulocity.microservice.security.token.CumulocityOAuthConfiguration$AuthenticationConfigurer': Unsatisfied dependency expressed through field 'jwtTokenAuthenticationProvider'; nested exception is org.springframework.beans.factory.UnsatisfiedDependencyException: Error creating bean with name 'jwtTokenAuthenticationProvider' defined in com.cumulocity.microservice.security.token.CumulocityOAuthConfiguration: Unsatisfied dependency expressed through method 'jwtTokenAuthenticationProvider' parameter 0; nested exception is org.springframework.beans.factory.BeanCreationException: Error creating bean with name 'jwtAuthenticatedTokenCache' defined in com.cumulocity.microservice.security.annotation.TokenCacheConfiguration: Bean instantiation via factory method failed; nested exception is org.springframework.beans.BeanInstantiationException: Failed to instantiate [com.cumulocity.microservice.security.token.JwtAuthenticatedTokenCache]: Factory method 'jwtAuthenticatedTokenCache' threw exception; nested exception is com.google.common.util.concurrent.UncheckedExecutionException: org.springframework.beans.factory.BeanCreationException: Error creating bean with name 'scopedTarget.tenantRestConnector' defined in com.cumulocity.microservice.api.CumulocityClientFeature$TenantPlatformConfig: Bean instantiation via factory method failed; nested exception is org.springframework.beans.BeanInstantiationException: Failed to instantiate [com.cumulocity.sdk.client.RestConnector]: Factory method 'tenantRestConnector' threw exception; nested exception is org.springframework.beans.factory.BeanCreationException: Error creating bean with name 'scopedTarget.tenantPlatform': Injection of autowired dependencies failed; nested exception is java.lang.StringIndexOutOfBoundsException: String index out of range: -1
	at org.springframework.beans.factory.support.SimpleInstantiationStrategy.instantiate(SimpleInstantiationStrategy.java:185)
	at org.springframework.beans.factory.support.ConstructorResolver.instantiate(ConstructorResolver.java:653)
	... 79 more
Caused by: org.springframework.beans.factory.UnsatisfiedDependencyException: Error creating bean with name 'com.cumulocity.microservice.security.token.CumulocityOAuthConfiguration$AuthenticationConfigurer': Unsatisfied dependency expressed through field 'jwtTokenAuthenticationProvider'; nested exception is org.springframework.beans.factory.UnsatisfiedDependencyException: Error creating bean with name 'jwtTokenAuthenticationProvider' defined in com.cumulocity.microservice.security.token.CumulocityOAuthConfiguration: Unsatisfied dependency expressed through method 'jwtTokenAuthenticationProvider' parameter 0; nested exception is org.springframework.beans.factory.BeanCreationException: Error creating bean with name 'jwtAuthenticatedTokenCache' defined in com.cumulocity.microservice.security.annotation.TokenCacheConfiguration: Bean instantiation via factory method failed; nested exception is org.springframework.beans.BeanInstantiationException: Failed to instantiate [com.cumulocity.microservice.security.token.JwtAuthenticatedTokenCache]: Factory method 'jwtAuthenticatedTokenCache' threw exception; nested exception is com.google.common.util.concurrent.UncheckedExecutionException: org.springframework.beans.factory.BeanCreationException: Error creating bean with name 'scopedTarget.tenantRestConnector' defined in com.cumulocity.microservice.api.CumulocityClientFeature$TenantPlatformConfig: Bean instantiation via factory method failed; nested exception is org.springframework.beans.BeanInstantiationException: Failed to instantiate [com.cumulocity.sdk.client.RestConnector]: Factory method 'tenantRestConnector' threw exception; nested exception is org.springframework.beans.factory.BeanCreationException: Error creating bean with name 'scopedTarget.tenantPlatform': Injection of autowired dependencies failed; nested exception is java.lang.StringIndexOutOfBoundsException: String index out of range: -1
	at org.springframework.beans.factory.annotation.AutowiredAnnotationBeanPostProcessor$AutowiredFieldElement.resolveFieldValue(AutowiredAnnotationBeanPostProcessor.java:660)
	at org.springframework.beans.factory.annotation.AutowiredAnnotationBeanPostProcessor$AutowiredFieldElement.inject(AutowiredAnnotationBeanPostProcessor.java:640)
	at org.springframework.beans.factory.annotation.InjectionMetadata.inject(InjectionMetadata.java:119)
	at org.springframework.beans.factory.annotation.AutowiredAnnotationBeanPostProcessor.postProcessProperties(AutowiredAnnotationBeanPostProcessor.java:399)
	at org.springframework.beans.factory.support.AbstractAutowireCapableBeanFactory.populateBean(AbstractAutowireCapableBeanFactory.java:1431)
	at org.springframework.beans.factory.support.AbstractAutowireCapableBeanFactory.doCreateBean(AbstractAutowireCapableBeanFactory.java:619)
	at org.springframework.beans.factory.support.AbstractAutowireCapableBeanFactory.createBean(AbstractAutowireCapableBeanFactory.java:542)
	at org.springframework.beans.factory.support.AbstractBeanFactory.lambda$doGetBean$0(AbstractBeanFactory.java:335)
	at org.springframework.beans.factory.support.DefaultSingletonBeanRegistry.getSingleton(DefaultSingletonBeanRegistry.java:234)
	at org.springframework.beans.factory.support.AbstractBeanFactory.doGetBean(AbstractBeanFactory.java:333)
	at org.springframework.beans.factory.support.AbstractBeanFactory.getBean(AbstractBeanFactory.java:208)
	at org.springframework.beans.factory.support.DefaultListableBeanFactory.getBeansWithAnnotation(DefaultListableBeanFactory.java:722)
	at org.springframework.context.support.AbstractApplicationContext.getBeansWithAnnotation(AbstractApplicationContext.java:1322)
	at org.springframework.security.config.annotation.authentication.configuration.AuthenticationConfiguration$EnableGlobalAuthenticationAutowiredConfigurer.init(AuthenticationConfiguration.java:221)
	at org.springframework.security.config.annotation.authentication.configuration.AuthenticationConfiguration$EnableGlobalAuthenticationAutowiredConfigurer.init(AuthenticationConfiguration.java:208)
	at org.springframework.security.config.annotation.AbstractConfiguredSecurityBuilder.init(AbstractConfiguredSecurityBuilder.java:338)
	at org.springframework.security.config.annotation.AbstractConfiguredSecurityBuilder.doBuild(AbstractConfiguredSecurityBuilder.java:300)
	at org.springframework.security.config.annotation.AbstractSecurityBuilder.build(AbstractSecurityBuilder.java:38)
	at org.springframework.security.config.annotation.authentication.configuration.AuthenticationConfiguration.getAuthenticationManager(AuthenticationConfiguration.java:121)
	at org.springframework.security.config.annotation.web.configuration.HttpSecurityConfiguration.authenticationManager(HttpSecurityConfiguration.java:112)
	at org.springframework.security.config.annotation.web.configuration.HttpSecurityConfiguration.httpSecurity(HttpSecurityConfiguration.java:89)
	at java.base/jdk.internal.reflect.NativeMethodAccessorImpl.invoke0(Native Method)
	at java.base/jdk.internal.reflect.NativeMethodAccessorImpl.invoke(NativeMethodAccessorImpl.java:62)
	at java.base/jdk.internal.reflect.DelegatingMethodAccessorImpl.invoke(DelegatingMethodAccessorImpl.java:43)
	at java.base/java.lang.reflect.Method.invoke(Method.java:566)
	at org.springframework.beans.factory.support.SimpleInstantiationStrategy.instantiate(SimpleInstantiationStrategy.java:154)
	... 80 more
Caused by: org.springframework.beans.factory.UnsatisfiedDependencyException: Error creating bean with name 'jwtTokenAuthenticationProvider' defined in com.cumulocity.microservice.security.token.CumulocityOAuthConfiguration: Unsatisfied dependency expressed through method 'jwtTokenAuthenticationProvider' parameter 0; nested exception is org.springframework.beans.factory.BeanCreationException: Error creating bean with name 'jwtAuthenticatedTokenCache' defined in com.cumulocity.microservice.security.annotation.TokenCacheConfiguration: Bean instantiation via factory method failed; nested exception is org.springframework.beans.BeanInstantiationException: Failed to instantiate [com.cumulocity.microservice.security.token.JwtAuthenticatedTokenCache]: Factory method 'jwtAuthenticatedTokenCache' threw exception; nested exception is com.google.common.util.concurrent.UncheckedExecutionException: org.springframework.beans.factory.BeanCreationException: Error creating bean with name 'scopedTarget.tenantRestConnector' defined in com.cumulocity.microservice.api.CumulocityClientFeature$TenantPlatformConfig: Bean instantiation via factory method failed; nested exception is org.springframework.beans.BeanInstantiationException: Failed to instantiate [com.cumulocity.sdk.client.RestConnector]: Factory method 'tenantRestConnector' threw exception; nested exception is org.springframework.beans.factory.BeanCreationException: Error creating bean with name 'scopedTarget.tenantPlatform': Injection of autowired dependencies failed; nested exception is java.lang.StringIndexOutOfBoundsException: String index out of range: -1
	at org.springframework.beans.factory.support.ConstructorResolver.createArgumentArray(ConstructorResolver.java:800)
	at org.springframework.beans.factory.support.ConstructorResolver.instantiateUsingFactoryMethod(ConstructorResolver.java:541)
	at org.springframework.beans.factory.support.AbstractAutowireCapableBeanFactory.instantiateUsingFactoryMethod(AbstractAutowireCapableBeanFactory.java:1352)
	at org.springframework.beans.factory.support.AbstractAutowireCapableBeanFactory.createBeanInstance(AbstractAutowireCapableBeanFactory.java:1195)
	at org.springframework.beans.factory.support.AbstractAutowireCapableBeanFactory.doCreateBean(AbstractAutowireCapableBeanFactory.java:582)
	at org.springframework.beans.factory.support.AbstractAutowireCapableBeanFactory.createBean(AbstractAutowireCapableBeanFactory.java:542)
	at org.springframework.beans.factory.support.AbstractBeanFactory.lambda$doGetBean$0(AbstractBeanFactory.java:335)
	at org.springframework.beans.factory.support.DefaultSingletonBeanRegistry.getSingleton(DefaultSingletonBeanRegistry.java:234)
	at org.springframework.beans.factory.support.AbstractBeanFactory.doGetBean(AbstractBeanFactory.java:333)
	at org.springframework.beans.factory.support.AbstractBeanFactory.getBean(AbstractBeanFactory.java:208)
	at org.springframework.beans.factory.config.DependencyDescriptor.resolveCandidate(DependencyDescriptor.java:276)
	at org.springframework.beans.factory.support.DefaultListableBeanFactory.doResolveDependency(DefaultListableBeanFactory.java:1391)
	at org.springframework.beans.factory.support.DefaultListableBeanFactory.resolveDependency(DefaultListableBeanFactory.java:1311)
	at org.springframework.beans.factory.annotation.AutowiredAnnotationBeanPostProcessor$AutowiredFieldElement.resolveFieldValue(AutowiredAnnotationBeanPostProcessor.java:657)
	... 105 more
Caused by: org.springframework.beans.factory.BeanCreationException: Error creating bean with name 'jwtAuthenticatedTokenCache' defined in com.cumulocity.microservice.security.annotation.TokenCacheConfiguration: Bean instantiation via factory method failed; nested exception is org.springframework.beans.BeanInstantiationException: Failed to instantiate [com.cumulocity.microservice.security.token.JwtAuthenticatedTokenCache]: Factory method 'jwtAuthenticatedTokenCache' threw exception; nested exception is com.google.common.util.concurrent.UncheckedExecutionException: org.springframework.beans.factory.BeanCreationException: Error creating bean with name 'scopedTarget.tenantRestConnector' defined in com.cumulocity.microservice.api.CumulocityClientFeature$TenantPlatformConfig: Bean instantiation via factory method failed; nested exception is org.springframework.beans.BeanInstantiationException: Failed to instantiate [com.cumulocity.sdk.client.RestConnector]: Factory method 'tenantRestConnector' threw exception; nested exception is org.springframework.beans.factory.BeanCreationException: Error creating bean with name 'scopedTarget.tenantPlatform': Injection of autowired dependencies failed; nested exception is java.lang.StringIndexOutOfBoundsException: String index out of range: -1
	at org.springframework.beans.factory.support.ConstructorResolver.instantiate(ConstructorResolver.java:658)
	at org.springframework.beans.factory.support.ConstructorResolver.instantiateUsingFactoryMethod(ConstructorResolver.java:638)
	at org.springframework.beans.factory.support.AbstractAutowireCapableBeanFactory.instantiateUsingFactoryMethod(AbstractAutowireCapableBeanFactory.java:1352)
	at org.springframework.beans.factory.support.AbstractAutowireCapableBeanFactory.createBeanInstance(AbstractAutowireCapableBeanFactory.java:1195)
	at org.springframework.beans.factory.support.AbstractAutowireCapableBeanFactory.doCreateBean(AbstractAutowireCapableBeanFactory.java:582)
	at org.springframework.beans.factory.support.AbstractAutowireCapableBeanFactory.createBean(AbstractAutowireCapableBeanFactory.java:542)
	at org.springframework.beans.factory.support.AbstractBeanFactory.lambda$doGetBean$0(AbstractBeanFactory.java:335)
	at org.springframework.beans.factory.support.DefaultSingletonBeanRegistry.getSingleton(DefaultSingletonBeanRegistry.java:234)
	at org.springframework.beans.factory.support.AbstractBeanFactory.doGetBean(AbstractBeanFactory.java:333)
	at org.springframework.beans.factory.support.AbstractBeanFactory.getBean(AbstractBeanFactory.java:208)
	at org.springframework.beans.factory.config.DependencyDescriptor.resolveCandidate(DependencyDescriptor.java:276)
	at org.springframework.beans.factory.support.DefaultListableBeanFactory.doResolveDependency(DefaultListableBeanFactory.java:1391)
	at org.springframework.beans.factory.support.DefaultListableBeanFactory.resolveDependency(DefaultListableBeanFactory.java:1311)
	at org.springframework.beans.factory.support.ConstructorResolver.resolveAutowiredArgument(ConstructorResolver.java:887)
	at org.springframework.beans.factory.support.ConstructorResolver.createArgumentArray(ConstructorResolver.java:791)
	... 118 more
Caused by: org.springframework.beans.BeanInstantiationException: Failed to instantiate [com.cumulocity.microservice.security.token.JwtAuthenticatedTokenCache]: Factory method 'jwtAuthenticatedTokenCache' threw exception; nested exception is com.google.common.util.concurrent.UncheckedExecutionException: org.springframework.beans.factory.BeanCreationException: Error creating bean with name 'scopedTarget.tenantRestConnector' defined in com.cumulocity.microservice.api.CumulocityClientFeature$TenantPlatformConfig: Bean instantiation via factory method failed; nested exception is org.springframework.beans.BeanInstantiationException: Failed to instantiate [com.cumulocity.sdk.client.RestConnector]: Factory method 'tenantRestConnector' threw exception; nested exception is org.springframework.beans.factory.BeanCreationException: Error creating bean with name 'scopedTarget.tenantPlatform': Injection of autowired dependencies failed; nested exception is java.lang.StringIndexOutOfBoundsException: String index out of range: -1
	at org.springframework.beans.factory.support.SimpleInstantiationStrategy.instantiate(SimpleInstantiationStrategy.java:185)
	at org.springframework.beans.factory.support.ConstructorResolver.instantiate(ConstructorResolver.java:653)
	... 132 more
Caused by: com.google.common.util.concurrent.UncheckedExecutionException: org.springframework.beans.factory.BeanCreationException: Error creating bean with name 'scopedTarget.tenantRestConnector' defined in com.cumulocity.microservice.api.CumulocityClientFeature$TenantPlatformConfig: Bean instantiation via factory method failed; nested exception is org.springframework.beans.BeanInstantiationException: Failed to instantiate [com.cumulocity.sdk.client.RestConnector]: Factory method 'tenantRestConnector' threw exception; nested exception is org.springframework.beans.factory.BeanCreationException: Error creating bean with name 'scopedTarget.tenantPlatform': Injection of autowired dependencies failed; nested exception is java.lang.StringIndexOutOfBoundsException: String index out of range: -1
	at com.google.common.cache.LocalCache$Segment.get(LocalCache.java:2055)
	at com.google.common.cache.LocalCache.get(LocalCache.java:3966)
	at com.google.common.cache.LocalCache$LocalManualCache.get(LocalCache.java:4863)
	at com.cumulocity.microservice.settings.service.impl.MicroserviceSettingsServiceImpl.getAll(MicroserviceSettingsServiceImpl.java:39)
	at com.cumulocity.microservice.settings.service.impl.MicroserviceSettingsServiceImpl.get(MicroserviceSettingsServiceImpl.java:83)
	at com.cumulocity.microservice.security.annotation.TokenCacheConfiguration.lambda$jwtAuthenticatedTokenCache$0(TokenCacheConfiguration.java:36)
	at java.base/java.util.Optional.map(Optional.java:265)
	at com.cumulocity.microservice.security.annotation.TokenCacheConfiguration.jwtAuthenticatedTokenCache(TokenCacheConfiguration.java:36)
	at com.cumulocity.microservice.security.annotation.TokenCacheConfiguration$$EnhancerBySpringCGLIB$$bb85ac92.CGLIB$jwtAuthenticatedTokenCache$0(<generated>)
	at com.cumulocity.microservice.security.annotation.TokenCacheConfiguration$$EnhancerBySpringCGLIB$$bb85ac92$$FastClassBySpringCGLIB$$a7a6e5f9.invoke(<generated>)
	at org.springframework.cglib.proxy.MethodProxy.invokeSuper(MethodProxy.java:244)
	at org.springframework.context.annotation.ConfigurationClassEnhancer$BeanMethodInterceptor.intercept(ConfigurationClassEnhancer.java:331)
	at com.cumulocity.microservice.security.annotation.TokenCacheConfiguration$$EnhancerBySpringCGLIB$$bb85ac92.jwtAuthenticatedTokenCache(<generated>)
	at java.base/jdk.internal.reflect.NativeMethodAccessorImpl.invoke0(Native Method)
	at java.base/jdk.internal.reflect.NativeMethodAccessorImpl.invoke(NativeMethodAccessorImpl.java:62)
	at java.base/jdk.internal.reflect.DelegatingMethodAccessorImpl.invoke(DelegatingMethodAccessorImpl.java:43)
	at java.base/java.lang.reflect.Method.invoke(Method.java:566)
	at org.springframework.beans.factory.support.SimpleInstantiationStrategy.instantiate(SimpleInstantiationStrategy.java:154)
	... 133 more
Caused by: org.springframework.beans.factory.BeanCreationException: Error creating bean with name 'scopedTarget.tenantRestConnector' defined in com.cumulocity.microservice.api.CumulocityClientFeature$TenantPlatformConfig: Bean instantiation via factory method failed; nested exception is org.springframework.beans.BeanInstantiationException: Failed to instantiate [com.cumulocity.sdk.client.RestConnector]: Factory method 'tenantRestConnector' threw exception; nested exception is org.springframework.beans.factory.BeanCreationException: Error creating bean with name 'scopedTarget.tenantPlatform': Injection of autowired dependencies failed; nested exception is java.lang.StringIndexOutOfBoundsException: String index out of range: -1
	at org.springframework.beans.factory.support.ConstructorResolver.instantiate(ConstructorResolver.java:658)
	at org.springframework.beans.factory.support.ConstructorResolver.instantiateUsingFactoryMethod(ConstructorResolver.java:486)
	at org.springframework.beans.factory.support.AbstractAutowireCapableBeanFactory.instantiateUsingFactoryMethod(AbstractAutowireCapableBeanFactory.java:1352)
	at org.springframework.beans.factory.support.AbstractAutowireCapableBeanFactory.createBeanInstance(AbstractAutowireCapableBeanFactory.java:1195)
	at org.springframework.beans.factory.support.AbstractAutowireCapableBeanFactory.doCreateBean(AbstractAutowireCapableBeanFactory.java:582)
	at org.springframework.beans.factory.support.AbstractAutowireCapableBeanFactory.createBean(AbstractAutowireCapableBeanFactory.java:542)
	at org.springframework.beans.factory.support.AbstractBeanFactory.lambda$doGetBean$1(AbstractBeanFactory.java:374)
	at com.cumulocity.microservice.context.scope.BaseScope.getObjectFromFactory(BaseScope.java:132)
	at com.cumulocity.microservice.context.scope.BaseScope.createNew(BaseScope.java:99)
	at com.cumulocity.microservice.context.scope.BaseScope.doGet(BaseScope.java:88)
	at com.cumulocity.microservice.context.scope.BaseScope.doGetSynchronized(BaseScope.java:77)
	at com.cumulocity.microservice.context.scope.BaseScope.get(BaseScope.java:67)
	at org.springframework.beans.factory.support.AbstractBeanFactory.doGetBean(AbstractBeanFactory.java:371)
	at org.springframework.beans.factory.support.AbstractBeanFactory.getBean(AbstractBeanFactory.java:208)
	at org.springframework.aop.target.SimpleBeanTargetSource.getTarget(SimpleBeanTargetSource.java:35)
	at org.springframework.aop.framework.CglibAopProxy$DynamicAdvisedInterceptor.intercept(CglibAopProxy.java:692)
	at com.cumulocity.sdk.client.RestConnector$$EnhancerBySpringCGLIB$$b623b120.get(<generated>)
	at com.cumulocity.microservice.settings.repository.CurrentApplicationSettingsApi.lambda$findAll$0(CurrentApplicationSettingsApi.java:27)
	at com.cumulocity.microservice.settings.repository.CurrentApplicationSettingsApi$SettingsRetry.execute(CurrentApplicationSettingsApi.java:85)
	at com.cumulocity.microservice.settings.repository.CurrentApplicationSettingsApi$SettingsRetry.executeWithRetry(CurrentApplicationSettingsApi.java:61)
	at com.cumulocity.microservice.settings.repository.CurrentApplicationSettingsApi$SettingsRetry.executeWithWait(CurrentApplicationSettingsApi.java:80)
	at com.cumulocity.microservice.settings.repository.CurrentApplicationSettingsApi$SettingsRetry.executeWithRetry(CurrentApplicationSettingsApi.java:64)
	at com.cumulocity.microservice.settings.repository.CurrentApplicationSettingsApi$SettingsRetry.executeWithWait(CurrentApplicationSettingsApi.java:80)
	at com.cumulocity.microservice.settings.repository.CurrentApplicationSettingsApi$SettingsRetry.executeWithRetry(CurrentApplicationSettingsApi.java:64)
	at com.cumulocity.microservice.settings.repository.CurrentApplicationSettingsApi.findAll(CurrentApplicationSettingsApi.java:26)
	at com.cumulocity.microservice.settings.repository.CurrentApplicationSettingsApi$$FastClassBySpringCGLIB$$4dc87c3.invoke(<generated>)
	at org.springframework.cglib.proxy.MethodProxy.invoke(MethodProxy.java:218)
	at org.springframework.aop.framework.CglibAopProxy$CglibMethodInvocation.invokeJoinpoint(CglibAopProxy.java:793)
	at org.springframework.aop.framework.ReflectiveMethodInvocation.proceed(ReflectiveMethodInvocation.java:163)
	at org.springframework.aop.framework.CglibAopProxy$CglibMethodInvocation.proceed(CglibAopProxy.java:763)
	at org.springframework.aop.support.DelegatingIntroductionInterceptor.doProceed(DelegatingIntroductionInterceptor.java:137)
	at org.springframework.aop.support.DelegatingIntroductionInterceptor.invoke(DelegatingIntroductionInterceptor.java:124)
	at org.springframework.aop.framework.ReflectiveMethodInvocation.proceed(ReflectiveMethodInvocation.java:186)
	at org.springframework.aop.framework.CglibAopProxy$CglibMethodInvocation.proceed(CglibAopProxy.java:763)
	at org.springframework.aop.framework.CglibAopProxy$DynamicAdvisedInterceptor.intercept(CglibAopProxy.java:708)
	at com.cumulocity.microservice.settings.repository.CurrentApplicationSettingsApi$$EnhancerBySpringCGLIB$$ba5dec20.findAll(<generated>)
	at com.cumulocity.microservice.settings.service.impl.MicroserviceSettingsServiceImpl$1$1.call(MicroserviceSettingsServiceImpl.java:47)
	at com.cumulocity.microservice.settings.service.impl.MicroserviceSettingsServiceImpl$1$1.call(MicroserviceSettingsServiceImpl.java:45)
	at com.cumulocity.microservice.context.ContextServiceImpl.callWithinContext(ContextServiceImpl.java:78)
	at com.cumulocity.microservice.settings.service.impl.MicroserviceSettingsServiceImpl$1.call(MicroserviceSettingsServiceImpl.java:45)
	at com.cumulocity.microservice.settings.service.impl.MicroserviceSettingsServiceImpl$1.call(MicroserviceSettingsServiceImpl.java:39)
	at com.google.common.cache.LocalCache$LocalManualCache$1.load(LocalCache.java:4868)
	at com.google.common.cache.LocalCache$LoadingValueReference.loadFuture(LocalCache.java:3533)
	at com.google.common.cache.LocalCache$Segment.loadSync(LocalCache.java:2282)
	at com.google.common.cache.LocalCache$Segment.lockedGetOrLoad(LocalCache.java:2159)
	at com.google.common.cache.LocalCache$Segment.get(LocalCache.java:2049)
	... 150 more
Caused by: org.springframework.beans.BeanInstantiationException: Failed to instantiate [com.cumulocity.sdk.client.RestConnector]: Factory method 'tenantRestConnector' threw exception; nested exception is org.springframework.beans.factory.BeanCreationException: Error creating bean with name 'scopedTarget.tenantPlatform': Injection of autowired dependencies failed; nested exception is java.lang.StringIndexOutOfBoundsException: String index out of range: -1
	at org.springframework.beans.factory.support.SimpleInstantiationStrategy.instantiate(SimpleInstantiationStrategy.java:185)
	at org.springframework.beans.factory.support.ConstructorResolver.instantiate(ConstructorResolver.java:653)
	... 195 more
Caused by: org.springframework.beans.factory.BeanCreationException: Error creating bean with name 'scopedTarget.tenantPlatform': Injection of autowired dependencies failed; nested exception is java.lang.StringIndexOutOfBoundsException: String index out of range: -1
	at org.springframework.beans.factory.annotation.AutowiredAnnotationBeanPostProcessor.postProcessProperties(AutowiredAnnotationBeanPostProcessor.java:405)
	at org.springframework.beans.factory.support.AbstractAutowireCapableBeanFactory.populateBean(AbstractAutowireCapableBeanFactory.java:1431)
	at org.springframework.beans.factory.support.AbstractAutowireCapableBeanFactory.doCreateBean(AbstractAutowireCapableBeanFactory.java:619)
	at org.springframework.beans.factory.support.AbstractAutowireCapableBeanFactory.createBean(AbstractAutowireCapableBeanFactory.java:542)
	at org.springframework.beans.factory.support.AbstractBeanFactory.lambda$doGetBean$1(AbstractBeanFactory.java:374)
	at com.cumulocity.microservice.context.scope.BaseScope.getObjectFromFactory(BaseScope.java:132)
	at com.cumulocity.microservice.context.scope.BaseScope.createNew(BaseScope.java:99)
	at com.cumulocity.microservice.context.scope.BaseScope.doGet(BaseScope.java:88)
	at com.cumulocity.microservice.context.scope.BaseScope.doGetSynchronized(BaseScope.java:77)
	at com.cumulocity.microservice.context.scope.BaseScope.get(BaseScope.java:67)
	at org.springframework.beans.factory.support.AbstractBeanFactory.doGetBean(AbstractBeanFactory.java:371)
	at org.springframework.beans.factory.support.AbstractBeanFactory.getBean(AbstractBeanFactory.java:208)
	at org.springframework.aop.target.SimpleBeanTargetSource.getTarget(SimpleBeanTargetSource.java:35)
	at org.springframework.aop.framework.CglibAopProxy$DynamicAdvisedInterceptor.intercept(CglibAopProxy.java:692)
	at com.cumulocity.microservice.api.CumulocityClientFeature$TenantPlatformConfig$$EnhancerBySpringCGLIB$$b163cf3e.tenantRestConnector(<generated>)
	at java.base/jdk.internal.reflect.NativeMethodAccessorImpl.invoke0(Native Method)
	at java.base/jdk.internal.reflect.NativeMethodAccessorImpl.invoke(NativeMethodAccessorImpl.java:62)
	at java.base/jdk.internal.reflect.DelegatingMethodAccessorImpl.invoke(DelegatingMethodAccessorImpl.java:43)
	at java.base/java.lang.reflect.Method.invoke(Method.java:566)
	at org.springframework.beans.factory.support.SimpleInstantiationStrategy.instantiate(SimpleInstantiationStrategy.java:154)
	... 196 more
Caused by: java.lang.StringIndexOutOfBoundsException: String index out of range: -1
	at java.base/java.lang.StringLatin1.charAt(StringLatin1.java:47)
	at java.base/java.lang.String.charAt(String.java:693)
	at com.cumulocity.sdk.client.PlatformParameters.setMandatoryFields(PlatformParameters.java:99)
	at com.cumulocity.sdk.client.PlatformParameters.<init>(PlatformParameters.java:109)
	at com.cumulocity.sdk.client.PlatformParameters.<init>(PlatformParameters.java:95)
	at com.cumulocity.sdk.client.PlatformImpl.<init>(PlatformImpl.java:89)
	at com.cumulocity.sdk.client.PlatformBuilder.build(PlatformBuilder.java:21)
	at com.cumulocity.microservice.api.CumulocityClientFeature.platformFor(CumulocityClientFeature.java:391)
	at com.cumulocity.microservice.api.CumulocityClientFeature.access$000(CumulocityClientFeature.java:44)
	at com.cumulocity.microservice.api.CumulocityClientFeature$TenantPlatformConfig.setContextService(CumulocityClientFeature.java:71)
	at java.base/jdk.internal.reflect.NativeMethodAccessorImpl.invoke0(Native Method)
	at java.base/jdk.internal.reflect.NativeMethodAccessorImpl.invoke(NativeMethodAccessorImpl.java:62)
	at java.base/jdk.internal.reflect.DelegatingMethodAccessorImpl.invoke(DelegatingMethodAccessorImpl.java:43)
	at java.base/java.lang.reflect.Method.invoke(Method.java:566)
	at org.springframework.beans.factory.annotation.AutowiredAnnotationBeanPostProcessor$AutowiredMethodElement.inject(AutowiredAnnotationBeanPostProcessor.java:725)
	at org.springframework.beans.factory.annotation.InjectionMetadata.inject(InjectionMetadata.java:119)
	at org.springframework.beans.factory.annotation.AutowiredAnnotationBeanPostProcessor.postProcessProperties(AutowiredAnnotationBeanPostProcessor.java:399)
	... 215 more

