<?xml version="1.0" encoding="UTF-8" ?>
<testsuite tests="1" failures="0" name="cumulocity.microservice.translation.manager.AppTest" time="0.003" errors="1" skipped="0">
  <properties>
[...]
</properties>
  <testcase classname="cumulocity.microservice.translation.manager.AppTest" name="contextLoads" time="0.003">
    <error message="Failed to load ApplicationContext" type="java.lang.IllegalStateException">java.lang.IllegalStateException: Failed to load ApplicationContext
	at org.springframework.test.context.cache.DefaultCacheAwareContextLoaderDelegate.loadContext(DefaultCacheAwareContextLoaderDelegate.java:98)
	at org.springframework.test.context.support.DefaultTestContext.getApplicationContext(DefaultTestContext.java:124)
	at org.springframework.test.context.web.ServletTestExecutionListener.setUpRequestContextIfNecessary(ServletTestExecutionListener.java:190)
	at org.springframework.test.context.web.ServletTestExecutionListener.prepareTestInstance(ServletTestExecutionListener.java:132)
	at org.springframework.test.context.TestContextManager.prepareTestInstance(TestContextManager.java:248)
	at org.springframework.test.context.junit4.SpringJUnit4ClassRunner.createTest(SpringJUnit4ClassRunner.java:227)
	at org.springframework.test.context.junit4.SpringJUnit4ClassRunner$1.runReflectiveCall(SpringJUnit4ClassRunner.java:289)
	at org.junit.internal.runners.model.ReflectiveCallable.run(ReflectiveCallable.java:12)
	at org.springframework.test.context.junit4.SpringJUnit4ClassRunner.methodBlock(SpringJUnit4ClassRunner.java:291)
	at org.springframework.test.context.junit4.SpringJUnit4ClassRunner.runChild(SpringJUnit4ClassRunner.java:246)
	at org.springframework.test.context.junit4.SpringJUnit4ClassRunner.runChild(SpringJUnit4ClassRunner.java:97)
	at org.junit.runners.ParentRunner$4.run(ParentRunner.java:331)
	at org.junit.runners.ParentRunner$1.schedule(ParentRunner.java:79)
	at org.junit.runners.ParentRunner.runChildren(ParentRunner.java:329)
	at org.junit.runners.ParentRunner.access$100(ParentRunner.java:66)
	at org.junit.runners.ParentRunner$2.evaluate(ParentRunner.java:293)
	at org.springframework.test.context.junit4.statements.RunBeforeTestClassCallbacks.evaluate(RunBeforeTestClassCallbacks.java:61)
	at org.springframework.test.context.junit4.statements.RunAfterTestClassCallbacks.evaluate(RunAfterTestClassCallbacks.java:70)
	at org.junit.runners.ParentRunner$3.evaluate(ParentRunner.java:306)
	at org.junit.runners.ParentRunner.run(ParentRunner.java:413)
	at org.springframework.test.context.junit4.SpringJUnit4ClassRunner.run(SpringJUnit4ClassRunner.java:190)
	at org.apache.maven.surefire.junit4.JUnit4Provider.execute(JUnit4Provider.java:252)
	at org.apache.maven.surefire.junit4.JUnit4Provider.executeTestSet(JUnit4Provider.java:141)
	at org.apache.maven.surefire.junit4.JUnit4Provider.invoke(JUnit4Provider.java:112)
	at java.base/jdk.internal.reflect.NativeMethodAccessorImpl.invoke0(Native Method)
	at java.base/jdk.internal.reflect.NativeMethodAccessorImpl.invoke(NativeMethodAccessorImpl.java:62)
	at java.base/jdk.internal.reflect.DelegatingMethodAccessorImpl.invoke(DelegatingMethodAccessorImpl.java:43)
	at java.base/java.lang.reflect.Method.invoke(Method.java:566)
	at org.apache.maven.surefire.util.ReflectionUtils.invokeMethodWithArray(ReflectionUtils.java:189)
	at org.apache.maven.surefire.booter.ProviderFactory$ProviderProxy.invoke(ProviderFactory.java:165)
	at org.apache.maven.surefire.booter.ProviderFactory.invokeProvider(ProviderFactory.java:85)
	at org.apache.maven.surefire.booter.ForkedBooter.runSuitesInProcess(ForkedBooter.java:115)
	at org.apache.maven.surefire.booter.ForkedBooter.main(ForkedBooter.java:75)
Caused by: org.springframework.beans.factory.UnsatisfiedDependencyException: Error creating bean with name &apos;org.springframework.security.config.annotation.web.configuration.WebSecurityConfiguration&apos;: Unsatisfied dependency expressed through method &apos;setFilterChains&apos; parameter 0; nested exception is org.springframework.beans.factory.UnsatisfiedDependencyException: Error creating bean with name &apos;apiFilterChanin&apos; defined in class path resource [cumulocity/microservice/translation/manager/config/AppSpecificSecurityConfig.class]: Unsatisfied dependency expressed through method &apos;apiFilterChanin&apos; parameter 0; nested exception is org.springframework.beans.factory.BeanCreationException: Error creating bean with name &apos;org.springframework.security.config.annotation.web.configuration.HttpSecurityConfiguration.httpSecurity&apos; defined in class path resource [org/springframework/security/config/annotation/web/configuration/HttpSecurityConfiguration.class]: Bean instantiation via factory method failed; nested exception is org.springframework.beans.BeanInstantiationException: Failed to instantiate [org.springframework.security.config.annotation.web.builders.HttpSecurity]: Factory method &apos;httpSecurity&apos; threw exception; nested exception is org.springframework.beans.factory.UnsatisfiedDependencyException: Error creating bean with name &apos;com.cumulocity.microservice.security.token.CumulocityOAuthConfiguration$AuthenticationConfigurer&apos;: Unsatisfied dependency expressed through field &apos;jwtTokenAuthenticationProvider&apos;; nested exception is org.springframework.beans.factory.UnsatisfiedDependencyException: Error creating bean with name &apos;jwtTokenAuthenticationProvider&apos; defined in com.cumulocity.microservice.security.token.CumulocityOAuthConfiguration: Unsatisfied dependency expressed through method &apos;jwtTokenAuthenticationProvider&apos; parameter 0; nested exception is org.springframework.beans.factory.BeanCreationException: Error creating bean with name &apos;jwtAuthenticatedTokenCache&apos; defined in com.cumulocity.microservice.security.annotation.TokenCacheConfiguration: Bean instantiation via factory method failed; nested exception is org.springframework.beans.BeanInstantiationException: Failed to instantiate [com.cumulocity.microservice.security.token.JwtAuthenticatedTokenCache]: Factory method &apos;jwtAuthenticatedTokenCache&apos; threw exception; nested exception is com.google.common.util.concurrent.UncheckedExecutionException: org.springframework.beans.factory.BeanCreationException: Error creating bean with name &apos;scopedTarget.tenantRestConnector&apos; defined in com.cumulocity.microservice.api.CumulocityClientFeature$TenantPlatformConfig: Bean instantiation via factory method failed; nested exception is org.springframework.beans.BeanInstantiationException: Failed to instantiate [com.cumulocity.sdk.client.RestConnector]: Factory method &apos;tenantRestConnector&apos; threw exception; nested exception is org.springframework.beans.factory.BeanCreationException: Error creating bean with name &apos;scopedTarget.tenantPlatform&apos;: Injection of autowired dependencies failed; nested exception is java.lang.StringIndexOutOfBoundsException: String index out of range: -1
	at org.springframework.beans.factory.annotation.AutowiredAnnotationBeanPostProcessor$AutowiredMethodElement.resolveMethodArguments(AutowiredAnnotationBeanPostProcessor.java:768)
	at org.springframework.beans.factory.annotation.AutowiredAnnotationBeanPostProcessor$AutowiredMethodElement.inject(AutowiredAnnotationBeanPostProcessor.java:720)
	at org.springframework.beans.factory.annotation.InjectionMetadata.inject(InjectionMetadata.java:119)
	at org.springframework.beans.factory.annotation.AutowiredAnnotationBeanPostProcessor.postProcessProperties(AutowiredAnnotationBeanPostProcessor.java:399)
	at org.springframework.beans.factory.support.AbstractAutowireCapableBeanFactory.populateBean(AbstractAutowireCapableBeanFactory.java:1431)
	at org.springframework.beans.factory.support.AbstractAutowireCapableBeanFactory.doCreateBean(AbstractAutowireCapableBeanFactory.java:619)
	at org.springframework.beans.factory.support.AbstractAutowireCapableBeanFactory.createBean(AbstractAutowireCapableBeanFactory.java:542)
	at org.springframework.beans.factory.support.AbstractBeanFactory.lambda$doGetBean$0(AbstractBeanFactory.java:335)
	at org.springframework.beans.factory.support.DefaultSingletonBeanRegistry.getSingleton(DefaultSingletonBeanRegistry.java:234)
	at org.springframework.beans.factory.support.AbstractBeanFactory.doGetBean(AbstractBeanFactory.java:333)
	at org.springframework.beans.factory.support.AbstractBeanFactory.getBean(AbstractBeanFactory.java:208)
	at org.springframework.beans.factory.support.DefaultListableBeanFactory.preInstantiateSingletons(DefaultListableBeanFactory.java:955)
	at org.springframework.context.support.AbstractApplicationContext.finishBeanFactoryInitialization(AbstractApplicationContext.java:918)
	at org.springframework.context.support.AbstractApplicationContext.refresh(AbstractApplicationContext.java:583)
	at org.springframework.boot.SpringApplication.refresh(SpringApplication.java:731)
	at org.springframework.boot.SpringApplication.refreshContext(SpringApplication.java:408)
	at org.springframework.boot.SpringApplication.run(SpringApplication.java:307)
	at org.springframework.boot.test.context.SpringBootContextLoader.loadContext(SpringBootContextLoader.java:136)
	at org.springframework.test.context.cache.DefaultCacheAwareContextLoaderDelegate.loadContextInternal(DefaultCacheAwareContextLoaderDelegate.java:141)
	at org.springframework.test.context.cache.DefaultCacheAwareContextLoaderDelegate.loadContext(DefaultCacheAwareContextLoaderDelegate.java:90)
	... 32 more
Caused by: org.springframework.beans.factory.UnsatisfiedDependencyException: Error creating bean with name &apos;apiFilterChanin&apos; defined in class path resource [cumulocity/microservice/translation/manager/config/AppSpecificSecurityConfig.class]: Unsatisfied dependency expressed through method &apos;apiFilterChanin&apos; parameter 0; nested exception is org.springframework.beans.factory.BeanCreationException: Error creating bean with name &apos;org.springframework.security.config.annotation.web.configuration.HttpSecurityConfiguration.httpSecurity&apos; defined in class path resource [org/springframework/security/config/annotation/web/configuration/HttpSecurityConfiguration.class]: Bean instantiation via factory method failed; nested exception is org.springframework.beans.BeanInstantiationException: Failed to instantiate [org.springframework.security.config.annotation.web.builders.HttpSecurity]: Factory method &apos;httpSecurity&apos; threw exception; nested exception is org.springframework.beans.factory.UnsatisfiedDependencyException: Error creating bean with name &apos;com.cumulocity.microservice.security.token.CumulocityOAuthConfiguration$AuthenticationConfigurer&apos;: Unsatisfied dependency expressed through field &apos;jwtTokenAuthenticationProvider&apos;; nested exception is org.springframework.beans.factory.UnsatisfiedDependencyException: Error creating bean with name &apos;jwtTokenAuthenticationProvider&apos; defined in com.cumulocity.microservice.security.token.CumulocityOAuthConfiguration: Unsatisfied dependency expressed through method &apos;jwtTokenAuthenticationProvider&apos; parameter 0; nested exception is org.springframework.beans.factory.BeanCreationException: Error creating bean with name &apos;jwtAuthenticatedTokenCache&apos; defined in com.cumulocity.microservice.security.annotation.TokenCacheConfiguration: Bean instantiation via factory method failed; nested exception is org.springframework.beans.BeanInstantiationException: Failed to instantiate [com.cumulocity.microservice.security.token.JwtAuthenticatedTokenCache]: Factory method &apos;jwtAuthenticatedTokenCache&apos; threw exception; nested exception is com.google.common.util.concurrent.UncheckedExecutionException: org.springframework.beans.factory.BeanCreationException: Error creating bean with name &apos;scopedTarget.tenantRestConnector&apos; defined in com.cumulocity.microservice.api.CumulocityClientFeature$TenantPlatformConfig: Bean instantiation via factory method failed; nested exception is org.springframework.beans.BeanInstantiationException: Failed to instantiate [com.cumulocity.sdk.client.RestConnector]: Factory method &apos;tenantRestConnector&apos; threw exception; nested exception is org.springframework.beans.factory.BeanCreationException: Error creating bean with name &apos;scopedTarget.tenantPlatform&apos;: Injection of autowired dependencies failed; nested exception is java.lang.StringIndexOutOfBoundsException: String index out of range: -1
	at org.springframework.beans.factory.support.ConstructorResolver.createArgumentArray(ConstructorResolver.java:800)
	at org.springframework.beans.factory.support.ConstructorResolver.instantiateUsingFactoryMethod(ConstructorResolver.java:541)
	at org.springframework.beans.factory.support.AbstractAutowireCapableBeanFactory.instantiateUsingFactoryMethod(AbstractAutowireCapableBeanFactory.java:1352)
	at org.springframework.beans.factory.support.AbstractAutowireCapableBeanFactory.createBeanInstance(AbstractAutowireCapableBeanFactory.java:1195)
	at org.springframework.beans.factory.support.AbstractAutowireCapableBeanFactory.doCreateBean(AbstractAutowireCapableBeanFactory.java:582)
	at org.springframework.beans.factory.support.AbstractAutowireCapableBeanFactory.createBean(AbstractAutowireCapableBeanFactory.java:542)
	at org.springframework.beans.factory.support.AbstractBeanFactory.lambda$doGetBean$0(AbstractBeanFactory.java:335)
	at org.springframework.beans.factory.support.DefaultSingletonBeanRegistry.getSingleton(DefaultSingletonBeanRegistry.java:234)
	at org.springframework.beans.factory.support.AbstractBeanFactory.doGetBean(AbstractBeanFactory.java:333)
	at org.springframework.beans.factory.support.AbstractBeanFactory.getBean(AbstractBeanFactory.java:208)
	at org.springframework.beans.factory.config.DependencyDescriptor.resolveCandidate(DependencyDescriptor.java:276)
	at org.springframework.beans.factory.support.DefaultListableBeanFactory.addCandidateEntry(DefaultListableBeanFactory.java:1609)
	at org.springframework.beans.factory.support.DefaultListableBeanFactory.findAutowireCandidates(DefaultListableBeanFactory.java:1573)
	at org.springframework.beans.factory.support.DefaultListableBeanFactory.resolveMultipleBeans(DefaultListableBeanFactory.java:1462)
	at org.springframework.beans.factory.support.DefaultListableBeanFactory.doResolveDependency(DefaultListableBeanFactory.java:1349)
	at org.springframework.beans.factory.support.DefaultListableBeanFactory.resolveDependency(DefaultListableBeanFactory.java:1311)
	at org.springframework.beans.factory.annotation.AutowiredAnnotationBeanPostProcessor$AutowiredMethodElement.resolveMethodArguments(AutowiredAnnotationBeanPostProcessor.java:760)
	... 51 more
Caused by: org.springframework.beans.factory.BeanCreationException: Error creating bean with name &apos;org.springframework.security.config.annotation.web.configuration.HttpSecurityConfiguration.httpSecurity&apos; defined in class path resource [org/springframework/security/config/annotation/web/configuration/HttpSecurityConfiguration.class]: Bean instantiation via factory method failed; nested exception is org.springframework.beans.BeanInstantiationException: Failed to instantiate [org.springframework.security.config.annotation.web.builders.HttpSecurity]: Factory method &apos;httpSecurity&apos; threw exception; nested exception is org.springframework.beans.factory.UnsatisfiedDependencyException: Error creating bean with name &apos;com.cumulocity.microservice.security.token.CumulocityOAuthConfiguration$AuthenticationConfigurer&apos;: Unsatisfied dependency expressed through field &apos;jwtTokenAuthenticationProvider&apos;; nested exception is org.springframework.beans.factory.UnsatisfiedDependencyException: Error creating bean with name &apos;jwtTokenAuthenticationProvider&apos; defined in com.cumulocity.microservice.security.token.CumulocityOAuthConfiguration: Unsatisfied dependency expressed through method &apos;jwtTokenAuthenticationProvider&apos; parameter 0; nested exception is org.springframework.beans.factory.BeanCreationException: Error creating bean with name &apos;jwtAuthenticatedTokenCache&apos; defined in com.cumulocity.microservice.security.annotation.TokenCacheConfiguration: Bean instantiation via factory method failed; nested exception is org.springframework.beans.BeanInstantiationException: Failed to instantiate [com.cumulocity.microservice.security.token.JwtAuthenticatedTokenCache]: Factory method &apos;jwtAuthenticatedTokenCache&apos; threw exception; nested exception is com.google.common.util.concurrent.UncheckedExecutionException: org.springframework.beans.factory.BeanCreationException: Error creating bean with name &apos;scopedTarget.tenantRestConnector&apos; defined in com.cumulocity.microservice.api.CumulocityClientFeature$TenantPlatformConfig: Bean instantiation via factory method failed; nested exception is org.springframework.beans.BeanInstantiationException: Failed to instantiate [com.cumulocity.sdk.client.RestConnector]: Factory method &apos;tenantRestConnector&apos; threw exception; nested exception is org.springframework.beans.factory.BeanCreationException: Error creating bean with name &apos;scopedTarget.tenantPlatform&apos;: Injection of autowired dependencies failed; nested exception is java.lang.StringIndexOutOfBoundsException: String index out of range: -1
	at org.springframework.beans.factory.support.ConstructorResolver.instantiate(ConstructorResolver.java:658)
	at org.springframework.beans.factory.support.ConstructorResolver.instantiateUsingFactoryMethod(ConstructorResolver.java:486)
	at org.springframework.beans.factory.support.AbstractAutowireCapableBeanFactory.instantiateUsingFactoryMethod(AbstractAutowireCapableBeanFactory.java:1352)
	at org.springframework.beans.factory.support.AbstractAutowireCapableBeanFactory.createBeanInstance(AbstractAutowireCapableBeanFactory.java:1195)
	at org.springframework.beans.factory.support.AbstractAutowireCapableBeanFactory.doCreateBean(AbstractAutowireCapableBeanFactory.java:582)
	at org.springframework.beans.factory.support.AbstractAutowireCapableBeanFactory.createBean(AbstractAutowireCapableBeanFactory.java:542)
	at org.springframework.beans.factory.support.AbstractBeanFactory.doGetBean(AbstractBeanFactory.java:353)
	at org.springframework.beans.factory.support.AbstractBeanFactory.getBean(AbstractBeanFactory.java:208)
	at org.springframework.beans.factory.config.DependencyDescriptor.resolveCandidate(DependencyDescriptor.java:276)
	at org.springframework.beans.factory.support.DefaultListableBeanFactory.doResolveDependency(DefaultListableBeanFactory.java:1391)
	at org.springframework.beans.factory.support.DefaultListableBeanFactory.resolveDependency(DefaultListableBeanFactory.java:1311)
	at org.springframework.beans.factory.support.ConstructorResolver.resolveAutowiredArgument(ConstructorResolver.java:887)
	at org.springframework.beans.factory.support.ConstructorResolver.createArgumentArray(ConstructorResolver.java:791)
	... 67 more
Caused by: org.springframework.beans.BeanInstantiationException: Failed to instantiate [org.springframework.security.config.annotation.web.builders.HttpSecurity]: Factory method &apos;httpSecurity&apos; threw exception; nested exception is org.springframework.beans.factory.UnsatisfiedDependencyException: Error creating bean with name &apos;com.cumulocity.microservice.security.token.CumulocityOAuthConfiguration$AuthenticationConfigurer&apos;: Unsatisfied dependency expressed through field &apos;jwtTokenAuthenticationProvider&apos;; nested exception is org.springframework.beans.factory.UnsatisfiedDependencyException: Error creating bean with name &apos;jwtTokenAuthenticationProvider&apos; defined in com.cumulocity.microservice.security.token.CumulocityOAuthConfiguration: Unsatisfied dependency expressed through method &apos;jwtTokenAuthenticationProvider&apos; parameter 0; nested exception is org.springframework.beans.factory.BeanCreationException: Error creating bean with name &apos;jwtAuthenticatedTokenCache&apos; defined in com.cumulocity.microservice.security.annotation.TokenCacheConfiguration: Bean instantiation via factory method failed; nested exception is org.springframework.beans.BeanInstantiationException: Failed to instantiate [com.cumulocity.microservice.security.token.JwtAuthenticatedTokenCache]: Factory method &apos;jwtAuthenticatedTokenCache&apos; threw exception; nested exception is com.google.common.util.concurrent.UncheckedExecutionException: org.springframework.beans.factory.BeanCreationException: Error creating bean with name &apos;scopedTarget.tenantRestConnector&apos; defined in com.cumulocity.microservice.api.CumulocityClientFeature$TenantPlatformConfig: Bean instantiation via factory method failed; nested exception is org.springframework.beans.BeanInstantiationException: Failed to instantiate [com.cumulocity.sdk.client.RestConnector]: Factory method &apos;tenantRestConnector&apos; threw exception; nested exception is org.springframework.beans.factory.BeanCreationException: Error creating bean with name &apos;scopedTarget.tenantPlatform&apos;: Injection of autowired dependencies failed; nested exception is java.lang.StringIndexOutOfBoundsException: String index out of range: -1
	at org.springframework.beans.factory.support.SimpleInstantiationStrategy.instantiate(SimpleInstantiationStrategy.java:185)
	at org.springframework.beans.factory.support.ConstructorResolver.instantiate(ConstructorResolver.java:653)
	... 79 more
Caused by: org.springframework.beans.factory.UnsatisfiedDependencyException: Error creating bean with name &apos;com.cumulocity.microservice.security.token.CumulocityOAuthConfiguration$AuthenticationConfigurer&apos;: Unsatisfied dependency expressed through field &apos;jwtTokenAuthenticationProvider&apos;; nested exception is org.springframework.beans.factory.UnsatisfiedDependencyException: Error creating bean with name &apos;jwtTokenAuthenticationProvider&apos; defined in com.cumulocity.microservice.security.token.CumulocityOAuthConfiguration: Unsatisfied dependency expressed through method &apos;jwtTokenAuthenticationProvider&apos; parameter 0; nested exception is org.springframework.beans.factory.BeanCreationException: Error creating bean with name &apos;jwtAuthenticatedTokenCache&apos; defined in com.cumulocity.microservice.security.annotation.TokenCacheConfiguration: Bean instantiation via factory method failed; nested exception is org.springframework.beans.BeanInstantiationException: Failed to instantiate [com.cumulocity.microservice.security.token.JwtAuthenticatedTokenCache]: Factory method &apos;jwtAuthenticatedTokenCache&apos; threw exception; nested exception is com.google.common.util.concurrent.UncheckedExecutionException: org.springframework.beans.factory.BeanCreationException: Error creating bean with name &apos;scopedTarget.tenantRestConnector&apos; defined in com.cumulocity.microservice.api.CumulocityClientFeature$TenantPlatformConfig: Bean instantiation via factory method failed; nested exception is org.springframework.beans.BeanInstantiationException: Failed to instantiate [com.cumulocity.sdk.client.RestConnector]: Factory method &apos;tenantRestConnector&apos; threw exception; nested exception is org.springframework.beans.factory.BeanCreationException: Error creating bean with name &apos;scopedTarget.tenantPlatform&apos;: Injection of autowired dependencies failed; nested exception is java.lang.StringIndexOutOfBoundsException: String index out of range: -1
	at org.springframework.beans.factory.annotation.AutowiredAnnotationBeanPostProcessor$AutowiredFieldElement.resolveFieldValue(AutowiredAnnotationBeanPostProcessor.java:660)
	at org.springframework.beans.factory.annotation.AutowiredAnnotationBeanPostProcessor$AutowiredFieldElement.inject(AutowiredAnnotationBeanPostProcessor.java:640)
	at org.springframework.beans.factory.annotation.InjectionMetadata.inject(InjectionMetadata.java:119)
	at org.springframework.beans.factory.annotation.AutowiredAnnotationBeanPostProcessor.postProcessProperties(AutowiredAnnotationBeanPostProcessor.java:399)
	at org.springframework.beans.factory.support.AbstractAutowireCapableBeanFactory.populateBean(AbstractAutowireCapableBeanFactory.java:1431)
	at org.springframework.beans.factory.support.AbstractAutowireCapableBeanFactory.doCreateBean(AbstractAutowireCapableBeanFactory.java:619)
	at org.springframework.beans.factory.support.AbstractAutowireCapableBeanFactory.createBean(AbstractAutowireCapableBeanFactory.java:542)
	at org.springframework.beans.factory.support.AbstractBeanFactory.lambda$doGetBean$0(AbstractBeanFactory.java:335)
	at org.springframework.beans.factory.support.DefaultSingletonBeanRegistry.getSingleton(DefaultSingletonBeanRegistry.java:234)
	at org.springframework.beans.factory.support.AbstractBeanFactory.doGetBean(AbstractBeanFactory.java:333)
	at org.springframework.beans.factory.support.AbstractBeanFactory.getBean(AbstractBeanFactory.java:208)
	at org.springframework.beans.factory.support.DefaultListableBeanFactory.getBeansWithAnnotation(DefaultListableBeanFactory.java:722)
	at org.springframework.context.support.AbstractApplicationContext.getBeansWithAnnotation(AbstractApplicationContext.java:1322)
	at org.springframework.security.config.annotation.authentication.configuration.AuthenticationConfiguration$EnableGlobalAuthenticationAutowiredConfigurer.init(AuthenticationConfiguration.java:221)
	at org.springframework.security.config.annotation.authentication.configuration.AuthenticationConfiguration$EnableGlobalAuthenticationAutowiredConfigurer.init(AuthenticationConfiguration.java:208)
	at org.springframework.security.config.annotation.AbstractConfiguredSecurityBuilder.init(AbstractConfiguredSecurityBuilder.java:338)
	at org.springframework.security.config.annotation.AbstractConfiguredSecurityBuilder.doBuild(AbstractConfiguredSecurityBuilder.java:300)
	at org.springframework.security.config.annotation.AbstractSecurityBuilder.build(AbstractSecurityBuilder.java:38)
	at org.springframework.security.config.annotation.authentication.configuration.AuthenticationConfiguration.getAuthenticationManager(AuthenticationConfiguration.java:121)
	at org.springframework.security.config.annotation.web.configuration.HttpSecurityConfiguration.authenticationManager(HttpSecurityConfiguration.java:112)
	at org.springframework.security.config.annotation.web.configuration.HttpSecurityConfiguration.httpSecurity(HttpSecurityConfiguration.java:89)
	at java.base/jdk.internal.reflect.NativeMethodAccessorImpl.invoke0(Native Method)
	at java.base/jdk.internal.reflect.NativeMethodAccessorImpl.invoke(NativeMethodAccessorImpl.java:62)
	at java.base/jdk.internal.reflect.DelegatingMethodAccessorImpl.invoke(DelegatingMethodAccessorImpl.java:43)
	at java.base/java.lang.reflect.Method.invoke(Method.java:566)
	at org.springframework.beans.factory.support.SimpleInstantiationStrategy.instantiate(SimpleInstantiationStrategy.java:154)
	... 80 more
Caused by: org.springframework.beans.factory.UnsatisfiedDependencyException: Error creating bean with name &apos;jwtTokenAuthenticationProvider&apos; defined in com.cumulocity.microservice.security.token.CumulocityOAuthConfiguration: Unsatisfied dependency expressed through method &apos;jwtTokenAuthenticationProvider&apos; parameter 0; nested exception is org.springframework.beans.factory.BeanCreationException: Error creating bean with name &apos;jwtAuthenticatedTokenCache&apos; defined in com.cumulocity.microservice.security.annotation.TokenCacheConfiguration: Bean instantiation via factory method failed; nested exception is org.springframework.beans.BeanInstantiationException: Failed to instantiate [com.cumulocity.microservice.security.token.JwtAuthenticatedTokenCache]: Factory method &apos;jwtAuthenticatedTokenCache&apos; threw exception; nested exception is com.google.common.util.concurrent.UncheckedExecutionException: org.springframework.beans.factory.BeanCreationException: Error creating bean with name &apos;scopedTarget.tenantRestConnector&apos; defined in com.cumulocity.microservice.api.CumulocityClientFeature$TenantPlatformConfig: Bean instantiation via factory method failed; nested exception is org.springframework.beans.BeanInstantiationException: Failed to instantiate [com.cumulocity.sdk.client.RestConnector]: Factory method &apos;tenantRestConnector&apos; threw exception; nested exception is org.springframework.beans.factory.BeanCreationException: Error creating bean with name &apos;scopedTarget.tenantPlatform&apos;: Injection of autowired dependencies failed; nested exception is java.lang.StringIndexOutOfBoundsException: String index out of range: -1
	at org.springframework.beans.factory.support.ConstructorResolver.createArgumentArray(ConstructorResolver.java:800)
	at org.springframework.beans.factory.support.ConstructorResolver.instantiateUsingFactoryMethod(ConstructorResolver.java:541)
	at org.springframework.beans.factory.support.AbstractAutowireCapableBeanFactory.instantiateUsingFactoryMethod(AbstractAutowireCapableBeanFactory.java:1352)
	at org.springframework.beans.factory.support.AbstractAutowireCapableBeanFactory.createBeanInstance(AbstractAutowireCapableBeanFactory.java:1195)
	at org.springframework.beans.factory.support.AbstractAutowireCapableBeanFactory.doCreateBean(AbstractAutowireCapableBeanFactory.java:582)
	at org.springframework.beans.factory.support.AbstractAutowireCapableBeanFactory.createBean(AbstractAutowireCapableBeanFactory.java:542)
	at org.springframework.beans.factory.support.AbstractBeanFactory.lambda$doGetBean$0(AbstractBeanFactory.java:335)
	at org.springframework.beans.factory.support.DefaultSingletonBeanRegistry.getSingleton(DefaultSingletonBeanRegistry.java:234)
	at org.springframework.beans.factory.support.AbstractBeanFactory.doGetBean(AbstractBeanFactory.java:333)
	at org.springframework.beans.factory.support.AbstractBeanFactory.getBean(AbstractBeanFactory.java:208)
	at org.springframework.beans.factory.config.DependencyDescriptor.resolveCandidate(DependencyDescriptor.java:276)
	at org.springframework.beans.factory.support.DefaultListableBeanFactory.doResolveDependency(DefaultListableBeanFactory.java:1391)
	at org.springframework.beans.factory.support.DefaultListableBeanFactory.resolveDependency(DefaultListableBeanFactory.java:1311)
	at org.springframework.beans.factory.annotation.AutowiredAnnotationBeanPostProcessor$AutowiredFieldElement.resolveFieldValue(AutowiredAnnotationBeanPostProcessor.java:657)
	... 105 more
Caused by: org.springframework.beans.factory.BeanCreationException: Error creating bean with name &apos;jwtAuthenticatedTokenCache&apos; defined in com.cumulocity.microservice.security.annotation.TokenCacheConfiguration: Bean instantiation via factory method failed; nested exception is org.springframework.beans.BeanInstantiationException: Failed to instantiate [com.cumulocity.microservice.security.token.JwtAuthenticatedTokenCache]: Factory method &apos;jwtAuthenticatedTokenCache&apos; threw exception; nested exception is com.google.common.util.concurrent.UncheckedExecutionException: org.springframework.beans.factory.BeanCreationException: Error creating bean with name &apos;scopedTarget.tenantRestConnector&apos; defined in com.cumulocity.microservice.api.CumulocityClientFeature$TenantPlatformConfig: Bean instantiation via factory method failed; nested exception is org.springframework.beans.BeanInstantiationException: Failed to instantiate [com.cumulocity.sdk.client.RestConnector]: Factory method &apos;tenantRestConnector&apos; threw exception; nested exception is org.springframework.beans.factory.BeanCreationException: Error creating bean with name &apos;scopedTarget.tenantPlatform&apos;: Injection of autowired dependencies failed; nested exception is java.lang.StringIndexOutOfBoundsException: String index out of range: -1
	at org.springframework.beans.factory.support.ConstructorResolver.instantiate(ConstructorResolver.java:658)
	at org.springframework.beans.factory.support.ConstructorResolver.instantiateUsingFactoryMethod(ConstructorResolver.java:638)
	at org.springframework.beans.factory.support.AbstractAutowireCapableBeanFactory.instantiateUsingFactoryMethod(AbstractAutowireCapableBeanFactory.java:1352)
	at org.springframework.beans.factory.support.AbstractAutowireCapableBeanFactory.createBeanInstance(AbstractAutowireCapableBeanFactory.java:1195)
	at org.springframework.beans.factory.support.AbstractAutowireCapableBeanFactory.doCreateBean(AbstractAutowireCapableBeanFactory.java:582)
	at org.springframework.beans.factory.support.AbstractAutowireCapableBeanFactory.createBean(AbstractAutowireCapableBeanFactory.java:542)
	at org.springframework.beans.factory.support.AbstractBeanFactory.lambda$doGetBean$0(AbstractBeanFactory.java:335)
	at org.springframework.beans.factory.support.DefaultSingletonBeanRegistry.getSingleton(DefaultSingletonBeanRegistry.java:234)
	at org.springframework.beans.factory.support.AbstractBeanFactory.doGetBean(AbstractBeanFactory.java:333)
	at org.springframework.beans.factory.support.AbstractBeanFactory.getBean(AbstractBeanFactory.java:208)
	at org.springframework.beans.factory.config.DependencyDescriptor.resolveCandidate(DependencyDescriptor.java:276)
	at org.springframework.beans.factory.support.DefaultListableBeanFactory.doResolveDependency(DefaultListableBeanFactory.java:1391)
	at org.springframework.beans.factory.support.DefaultListableBeanFactory.resolveDependency(DefaultListableBeanFactory.java:1311)
	at org.springframework.beans.factory.support.ConstructorResolver.resolveAutowiredArgument(ConstructorResolver.java:887)
	at org.springframework.beans.factory.support.ConstructorResolver.createArgumentArray(ConstructorResolver.java:791)
	... 118 more
Caused by: org.springframework.beans.BeanInstantiationException: Failed to instantiate [com.cumulocity.microservice.security.token.JwtAuthenticatedTokenCache]: Factory method &apos;jwtAuthenticatedTokenCache&apos; threw exception; nested exception is com.google.common.util.concurrent.UncheckedExecutionException: org.springframework.beans.factory.BeanCreationException: Error creating bean with name &apos;scopedTarget.tenantRestConnector&apos; defined in com.cumulocity.microservice.api.CumulocityClientFeature$TenantPlatformConfig: Bean instantiation via factory method failed; nested exception is org.springframework.beans.BeanInstantiationException: Failed to instantiate [com.cumulocity.sdk.client.RestConnector]: Factory method &apos;tenantRestConnector&apos; threw exception; nested exception is org.springframework.beans.factory.BeanCreationException: Error creating bean with name &apos;scopedTarget.tenantPlatform&apos;: Injection of autowired dependencies failed; nested exception is java.lang.StringIndexOutOfBoundsException: String index out of range: -1
	at org.springframework.beans.factory.support.SimpleInstantiationStrategy.instantiate(SimpleInstantiationStrategy.java:185)
	at org.springframework.beans.factory.support.ConstructorResolver.instantiate(ConstructorResolver.java:653)
	... 132 more
Caused by: com.google.common.util.concurrent.UncheckedExecutionException: org.springframework.beans.factory.BeanCreationException: Error creating bean with name &apos;scopedTarget.tenantRestConnector&apos; defined in com.cumulocity.microservice.api.CumulocityClientFeature$TenantPlatformConfig: Bean instantiation via factory method failed; nested exception is org.springframework.beans.BeanInstantiationException: Failed to instantiate [com.cumulocity.sdk.client.RestConnector]: Factory method &apos;tenantRestConnector&apos; threw exception; nested exception is org.springframework.beans.factory.BeanCreationException: Error creating bean with name &apos;scopedTarget.tenantPlatform&apos;: Injection of autowired dependencies failed; nested exception is java.lang.StringIndexOutOfBoundsException: String index out of range: -1
	at com.google.common.cache.LocalCache$Segment.get(LocalCache.java:2055)
	at com.google.common.cache.LocalCache.get(LocalCache.java:3966)
	at com.google.common.cache.LocalCache$LocalManualCache.get(LocalCache.java:4863)
	at com.cumulocity.microservice.settings.service.impl.MicroserviceSettingsServiceImpl.getAll(MicroserviceSettingsServiceImpl.java:39)
	at com.cumulocity.microservice.settings.service.impl.MicroserviceSettingsServiceImpl.get(MicroserviceSettingsServiceImpl.java:83)
	at com.cumulocity.microservice.security.annotation.TokenCacheConfiguration.lambda$jwtAuthenticatedTokenCache$0(TokenCacheConfiguration.java:36)
	at java.base/java.util.Optional.map(Optional.java:265)
	at com.cumulocity.microservice.security.annotation.TokenCacheConfiguration.jwtAuthenticatedTokenCache(TokenCacheConfiguration.java:36)
	at com.cumulocity.microservice.security.annotation.TokenCacheConfiguration$$EnhancerBySpringCGLIB$$bb85ac92.CGLIB$jwtAuthenticatedTokenCache$0(&lt;generated&gt;)
	at com.cumulocity.microservice.security.annotation.TokenCacheConfiguration$$EnhancerBySpringCGLIB$$bb85ac92$$FastClassBySpringCGLIB$$a7a6e5f9.invoke(&lt;generated&gt;)
	at org.springframework.cglib.proxy.MethodProxy.invokeSuper(MethodProxy.java:244)
	at org.springframework.context.annotation.ConfigurationClassEnhancer$BeanMethodInterceptor.intercept(ConfigurationClassEnhancer.java:331)
	at com.cumulocity.microservice.security.annotation.TokenCacheConfiguration$$EnhancerBySpringCGLIB$$bb85ac92.jwtAuthenticatedTokenCache(&lt;generated&gt;)
	at java.base/jdk.internal.reflect.NativeMethodAccessorImpl.invoke0(Native Method)
	at java.base/jdk.internal.reflect.NativeMethodAccessorImpl.invoke(NativeMethodAccessorImpl.java:62)
	at java.base/jdk.internal.reflect.DelegatingMethodAccessorImpl.invoke(DelegatingMethodAccessorImpl.java:43)
	at java.base/java.lang.reflect.Method.invoke(Method.java:566)
	at org.springframework.beans.factory.support.SimpleInstantiationStrategy.instantiate(SimpleInstantiationStrategy.java:154)
	... 133 more
Caused by: org.springframework.beans.factory.BeanCreationException: Error creating bean with name &apos;scopedTarget.tenantRestConnector&apos; defined in com.cumulocity.microservice.api.CumulocityClientFeature$TenantPlatformConfig: Bean instantiation via factory method failed; nested exception is org.springframework.beans.BeanInstantiationException: Failed to instantiate [com.cumulocity.sdk.client.RestConnector]: Factory method &apos;tenantRestConnector&apos; threw exception; nested exception is org.springframework.beans.factory.BeanCreationException: Error creating bean with name &apos;scopedTarget.tenantPlatform&apos;: Injection of autowired dependencies failed; nested exception is java.lang.StringIndexOutOfBoundsException: String index out of range: -1
	at org.springframework.beans.factory.support.ConstructorResolver.instantiate(ConstructorResolver.java:658)
	at org.springframework.beans.factory.support.ConstructorResolver.instantiateUsingFactoryMethod(ConstructorResolver.java:486)
	at org.springframework.beans.factory.support.AbstractAutowireCapableBeanFactory.instantiateUsingFactoryMethod(AbstractAutowireCapableBeanFactory.java:1352)
	at org.springframework.beans.factory.support.AbstractAutowireCapableBeanFactory.createBeanInstance(AbstractAutowireCapableBeanFactory.java:1195)
	at org.springframework.beans.factory.support.AbstractAutowireCapableBeanFactory.doCreateBean(AbstractAutowireCapableBeanFactory.java:582)
	at org.springframework.beans.factory.support.AbstractAutowireCapableBeanFactory.createBean(AbstractAutowireCapableBeanFactory.java:542)
	at org.springframework.beans.factory.support.AbstractBeanFactory.lambda$doGetBean$1(AbstractBeanFactory.java:374)
	at com.cumulocity.microservice.context.scope.BaseScope.getObjectFromFactory(BaseScope.java:132)
	at com.cumulocity.microservice.context.scope.BaseScope.createNew(BaseScope.java:99)
	at com.cumulocity.microservice.context.scope.BaseScope.doGet(BaseScope.java:88)
	at com.cumulocity.microservice.context.scope.BaseScope.doGetSynchronized(BaseScope.java:77)
	at com.cumulocity.microservice.context.scope.BaseScope.get(BaseScope.java:67)
	at org.springframework.beans.factory.support.AbstractBeanFactory.doGetBean(AbstractBeanFactory.java:371)
	at org.springframework.beans.factory.support.AbstractBeanFactory.getBean(AbstractBeanFactory.java:208)
	at org.springframework.aop.target.SimpleBeanTargetSource.getTarget(SimpleBeanTargetSource.java:35)
	at org.springframework.aop.framework.CglibAopProxy$DynamicAdvisedInterceptor.intercept(CglibAopProxy.java:692)
	at com.cumulocity.sdk.client.RestConnector$$EnhancerBySpringCGLIB$$b623b120.get(&lt;generated&gt;)
	at com.cumulocity.microservice.settings.repository.CurrentApplicationSettingsApi.lambda$findAll$0(CurrentApplicationSettingsApi.java:27)
	at com.cumulocity.microservice.settings.repository.CurrentApplicationSettingsApi$SettingsRetry.execute(CurrentApplicationSettingsApi.java:85)
	at com.cumulocity.microservice.settings.repository.CurrentApplicationSettingsApi$SettingsRetry.executeWithRetry(CurrentApplicationSettingsApi.java:61)
	at com.cumulocity.microservice.settings.repository.CurrentApplicationSettingsApi$SettingsRetry.executeWithWait(CurrentApplicationSettingsApi.java:80)
	at com.cumulocity.microservice.settings.repository.CurrentApplicationSettingsApi$SettingsRetry.executeWithRetry(CurrentApplicationSettingsApi.java:64)
	at com.cumulocity.microservice.settings.repository.CurrentApplicationSettingsApi$SettingsRetry.executeWithWait(CurrentApplicationSettingsApi.java:80)
	at com.cumulocity.microservice.settings.repository.CurrentApplicationSettingsApi$SettingsRetry.executeWithRetry(CurrentApplicationSettingsApi.java:64)
	at com.cumulocity.microservice.settings.repository.CurrentApplicationSettingsApi.findAll(CurrentApplicationSettingsApi.java:26)
	at com.cumulocity.microservice.settings.repository.CurrentApplicationSettingsApi$$FastClassBySpringCGLIB$$4dc87c3.invoke(&lt;generated&gt;)
	at org.springframework.cglib.proxy.MethodProxy.invoke(MethodProxy.java:218)
	at org.springframework.aop.framework.CglibAopProxy$CglibMethodInvocation.invokeJoinpoint(CglibAopProxy.java:793)
	at org.springframework.aop.framework.ReflectiveMethodInvocation.proceed(ReflectiveMethodInvocation.java:163)
	at org.springframework.aop.framework.CglibAopProxy$CglibMethodInvocation.proceed(CglibAopProxy.java:763)
	at org.springframework.aop.support.DelegatingIntroductionInterceptor.doProceed(DelegatingIntroductionInterceptor.java:137)
	at org.springframework.aop.support.DelegatingIntroductionInterceptor.invoke(DelegatingIntroductionInterceptor.java:124)
	at org.springframework.aop.framework.ReflectiveMethodInvocation.proceed(ReflectiveMethodInvocation.java:186)
	at org.springframework.aop.framework.CglibAopProxy$CglibMethodInvocation.proceed(CglibAopProxy.java:763)
	at org.springframework.aop.framework.CglibAopProxy$DynamicAdvisedInterceptor.intercept(CglibAopProxy.java:708)
	at com.cumulocity.microservice.settings.repository.CurrentApplicationSettingsApi$$EnhancerBySpringCGLIB$$ba5dec20.findAll(&lt;generated&gt;)
	at com.cumulocity.microservice.settings.service.impl.MicroserviceSettingsServiceImpl$1$1.call(MicroserviceSettingsServiceImpl.java:47)
	at com.cumulocity.microservice.settings.service.impl.MicroserviceSettingsServiceImpl$1$1.call(MicroserviceSettingsServiceImpl.java:45)
	at com.cumulocity.microservice.context.ContextServiceImpl.callWithinContext(ContextServiceImpl.java:78)
	at com.cumulocity.microservice.settings.service.impl.MicroserviceSettingsServiceImpl$1.call(MicroserviceSettingsServiceImpl.java:45)
	at com.cumulocity.microservice.settings.service.impl.MicroserviceSettingsServiceImpl$1.call(MicroserviceSettingsServiceImpl.java:39)
	at com.google.common.cache.LocalCache$LocalManualCache$1.load(LocalCache.java:4868)
	at com.google.common.cache.LocalCache$LoadingValueReference.loadFuture(LocalCache.java:3533)
	at com.google.common.cache.LocalCache$Segment.loadSync(LocalCache.java:2282)
	at com.google.common.cache.LocalCache$Segment.lockedGetOrLoad(LocalCache.java:2159)
	at com.google.common.cache.LocalCache$Segment.get(LocalCache.java:2049)
	... 150 more
Caused by: org.springframework.beans.BeanInstantiationException: Failed to instantiate [com.cumulocity.sdk.client.RestConnector]: Factory method &apos;tenantRestConnector&apos; threw exception; nested exception is org.springframework.beans.factory.BeanCreationException: Error creating bean with name &apos;scopedTarget.tenantPlatform&apos;: Injection of autowired dependencies failed; nested exception is java.lang.StringIndexOutOfBoundsException: String index out of range: -1
	at org.springframework.beans.factory.support.SimpleInstantiationStrategy.instantiate(SimpleInstantiationStrategy.java:185)
	at org.springframework.beans.factory.support.ConstructorResolver.instantiate(ConstructorResolver.java:653)
	... 195 more
Caused by: org.springframework.beans.factory.BeanCreationException: Error creating bean with name &apos;scopedTarget.tenantPlatform&apos;: Injection of autowired dependencies failed; nested exception is java.lang.StringIndexOutOfBoundsException: String index out of range: -1
	at org.springframework.beans.factory.annotation.AutowiredAnnotationBeanPostProcessor.postProcessProperties(AutowiredAnnotationBeanPostProcessor.java:405)
	at org.springframework.beans.factory.support.AbstractAutowireCapableBeanFactory.populateBean(AbstractAutowireCapableBeanFactory.java:1431)
	at org.springframework.beans.factory.support.AbstractAutowireCapableBeanFactory.doCreateBean(AbstractAutowireCapableBeanFactory.java:619)
	at org.springframework.beans.factory.support.AbstractAutowireCapableBeanFactory.createBean(AbstractAutowireCapableBeanFactory.java:542)
	at org.springframework.beans.factory.support.AbstractBeanFactory.lambda$doGetBean$1(AbstractBeanFactory.java:374)
	at com.cumulocity.microservice.context.scope.BaseScope.getObjectFromFactory(BaseScope.java:132)
	at com.cumulocity.microservice.context.scope.BaseScope.createNew(BaseScope.java:99)
	at com.cumulocity.microservice.context.scope.BaseScope.doGet(BaseScope.java:88)
	at com.cumulocity.microservice.context.scope.BaseScope.doGetSynchronized(BaseScope.java:77)
	at com.cumulocity.microservice.context.scope.BaseScope.get(BaseScope.java:67)
	at org.springframework.beans.factory.support.AbstractBeanFactory.doGetBean(AbstractBeanFactory.java:371)
	at org.springframework.beans.factory.support.AbstractBeanFactory.getBean(AbstractBeanFactory.java:208)
	at org.springframework.aop.target.SimpleBeanTargetSource.getTarget(SimpleBeanTargetSource.java:35)
	at org.springframework.aop.framework.CglibAopProxy$DynamicAdvisedInterceptor.intercept(CglibAopProxy.java:692)
	at com.cumulocity.microservice.api.CumulocityClientFeature$TenantPlatformConfig$$EnhancerBySpringCGLIB$$b163cf3e.tenantRestConnector(&lt;generated&gt;)
	at java.base/jdk.internal.reflect.NativeMethodAccessorImpl.invoke0(Native Method)
	at java.base/jdk.internal.reflect.NativeMethodAccessorImpl.invoke(NativeMethodAccessorImpl.java:62)
	at java.base/jdk.internal.reflect.DelegatingMethodAccessorImpl.invoke(DelegatingMethodAccessorImpl.java:43)
	at java.base/java.lang.reflect.Method.invoke(Method.java:566)
	at org.springframework.beans.factory.support.SimpleInstantiationStrategy.instantiate(SimpleInstantiationStrategy.java:154)
	... 196 more
Caused by: java.lang.StringIndexOutOfBoundsException: String index out of range: -1
	at java.base/java.lang.StringLatin1.charAt(StringLatin1.java:47)
	at java.base/java.lang.String.charAt(String.java:693)
	at com.cumulocity.sdk.client.PlatformParameters.setMandatoryFields(PlatformParameters.java:99)
	at com.cumulocity.sdk.client.PlatformParameters.&lt;init&gt;(PlatformParameters.java:109)
	at com.cumulocity.sdk.client.PlatformParameters.&lt;init&gt;(PlatformParameters.java:95)
	at com.cumulocity.sdk.client.PlatformImpl.&lt;init&gt;(PlatformImpl.java:89)
	at com.cumulocity.sdk.client.PlatformBuilder.build(PlatformBuilder.java:21)
	at com.cumulocity.microservice.api.CumulocityClientFeature.platformFor(CumulocityClientFeature.java:391)
	at com.cumulocity.microservice.api.CumulocityClientFeature.access$000(CumulocityClientFeature.java:44)
	at com.cumulocity.microservice.api.CumulocityClientFeature$TenantPlatformConfig.setContextService(CumulocityClientFeature.java:71)
	at java.base/jdk.internal.reflect.NativeMethodAccessorImpl.invoke0(Native Method)
	at java.base/jdk.internal.reflect.NativeMethodAccessorImpl.invoke(NativeMethodAccessorImpl.java:62)
	at java.base/jdk.internal.reflect.DelegatingMethodAccessorImpl.invoke(DelegatingMethodAccessorImpl.java:43)
	at java.base/java.lang.reflect.Method.invoke(Method.java:566)
	at org.springframework.beans.factory.annotation.AutowiredAnnotationBeanPostProcessor$AutowiredMethodElement.inject(AutowiredAnnotationBeanPostProcessor.java:725)
	at org.springframework.beans.factory.annotation.InjectionMetadata.inject(InjectionMetadata.java:119)
	at org.springframework.beans.factory.annotation.AutowiredAnnotationBeanPostProcessor.postProcessProperties(AutowiredAnnotationBeanPostProcessor.java:399)
	... 215 more
</error>
    <system-out>13:55:06.251 [main] DEBUG org.springframework.test.context.junit4.SpringJUnit4ClassRunner - SpringJUnit4ClassRunner constructor called with [class cumulocity.microservice.translation.manager.AppTest]
13:55:06.258 [main] DEBUG org.springframework.test.context.BootstrapUtils - Instantiating CacheAwareContextLoaderDelegate from class [org.springframework.test.context.cache.DefaultCacheAwareContextLoaderDelegate]
13:55:06.264 [main] DEBUG org.springframework.test.context.BootstrapUtils - Instantiating BootstrapContext using constructor [public org.springframework.test.context.support.DefaultBootstrapContext(java.lang.Class,org.springframework.test.context.CacheAwareContextLoaderDelegate)]
13:55:06.298 [main] DEBUG org.springframework.test.context.BootstrapUtils - Instantiating TestContextBootstrapper for test class [cumulocity.microservice.translation.manager.AppTest] from class [org.springframework.boot.test.context.SpringBootTestContextBootstrapper]
13:55:06.307 [main] INFO org.springframework.boot.test.context.SpringBootTestContextBootstrapper - Neither @ContextConfiguration nor @ContextHierarchy found for test class [cumulocity.microservice.translation.manager.AppTest], using SpringBootContextLoader
13:55:06.310 [main] DEBUG org.springframework.test.context.support.AbstractContextLoader - Did not detect default resource location for test class [cumulocity.microservice.translation.manager.AppTest]: class path resource [cumulocity/microservice/translation/manager/AppTest-context.xml] does not exist
13:55:06.310 [main] DEBUG org.springframework.test.context.support.AbstractContextLoader - Did not detect default resource location for test class [cumulocity.microservice.translation.manager.AppTest]: class path resource [cumulocity/microservice/translation/manager/AppTestContext.groovy] does not exist
13:55:06.310 [main] INFO org.springframework.test.context.support.AbstractContextLoader - Could not detect default resource locations for test class [cumulocity.microservice.translation.manager.AppTest]: no resource found for suffixes {-context.xml, Context.groovy}.
13:55:06.311 [main] INFO org.springframework.test.context.support.AnnotationConfigContextLoaderUtils - Could not detect default configuration classes for test class [cumulocity.microservice.translation.manager.AppTest]: AppTest does not declare any static, non-private, non-final, nested classes annotated with @Configuration.
13:55:06.424 [main] DEBUG org.springframework.context.annotation.ClassPathScanningCandidateComponentProvider - Identified candidate component class: file [C:\Users\APES\Development\workspace51\cumulocity-translation-manager-api\target\classes\cumulocity\microservice\translation\manager\App.class]
13:55:06.426 [main] INFO org.springframework.boot.test.context.SpringBootTestContextBootstrapper - Found @SpringBootConfiguration cumulocity.microservice.translation.manager.App for test class cumulocity.microservice.translation.manager.AppTest
13:55:06.522 [main] DEBUG org.springframework.boot.test.context.SpringBootTestContextBootstrapper - @TestExecutionListeners is not present for class [cumulocity.microservice.translation.manager.AppTest]: using defaults.
13:55:06.523 [main] INFO org.springframework.boot.test.context.SpringBootTestContextBootstrapper - Loaded default TestExecutionListener class names from location [META-INF/spring.factories]: [org.springframework.boot.test.mock.mockito.MockitoTestExecutionListener, org.springframework.boot.test.mock.mockito.ResetMocksTestExecutionListener, org.springframework.boot.test.autoconfigure.restdocs.RestDocsTestExecutionListener, org.springframework.boot.test.autoconfigure.web.client.MockRestServiceServerResetTestExecutionListener, org.springframework.boot.test.autoconfigure.web.servlet.MockMvcPrintOnlyOnFailureTestExecutionListener, org.springframework.boot.test.autoconfigure.web.servlet.WebDriverTestExecutionListener, org.springframework.boot.test.autoconfigure.webservices.client.MockWebServiceServerTestExecutionListener, org.springframework.test.context.web.ServletTestExecutionListener, org.springframework.test.context.support.DirtiesContextBeforeModesTestExecutionListener, org.springframework.test.context.event.ApplicationEventsTestExecutionListener, org.springframework.test.context.support.DependencyInjectionTestExecutionListener, org.springframework.test.context.support.DirtiesContextTestExecutionListener, org.springframework.test.context.transaction.TransactionalTestExecutionListener, org.springframework.test.context.jdbc.SqlScriptsTestExecutionListener, org.springframework.test.context.event.EventPublishingTestExecutionListener]
13:55:06.533 [main] DEBUG org.springframework.boot.test.context.SpringBootTestContextBootstrapper - Skipping candidate TestExecutionListener [org.springframework.test.context.transaction.TransactionalTestExecutionListener] due to a missing dependency. Specify custom listener classes or make the default listener classes and their required dependencies available. Offending class: [org/springframework/transaction/interceptor/TransactionAttributeSource]
13:55:06.534 [main] DEBUG org.springframework.boot.test.context.SpringBootTestContextBootstrapper - Skipping candidate TestExecutionListener [org.springframework.test.context.jdbc.SqlScriptsTestExecutionListener] due to a missing dependency. Specify custom listener classes or make the default listener classes and their required dependencies available. Offending class: [org/springframework/transaction/interceptor/TransactionAttribute]
13:55:06.534 [main] INFO org.springframework.boot.test.context.SpringBootTestContextBootstrapper - Using TestExecutionListeners: [org.springframework.test.context.web.ServletTestExecutionListener@25aca718, org.springframework.test.context.support.DirtiesContextBeforeModesTestExecutionListener@16fdec90, org.springframework.test.context.event.ApplicationEventsTestExecutionListener@1afdd473, org.springframework.boot.test.mock.mockito.MockitoTestExecutionListener@40238dd0, org.springframework.boot.test.autoconfigure.SpringBootDependencyInjectionTestExecutionListener@7776ab, org.springframework.test.context.support.DirtiesContextTestExecutionListener@79179359, org.springframework.test.context.event.EventPublishingTestExecutionListener@dbd8e44, org.springframework.boot.test.mock.mockito.ResetMocksTestExecutionListener@51acdf2e, org.springframework.boot.test.autoconfigure.restdocs.RestDocsTestExecutionListener@6a55299e, org.springframework.boot.test.autoconfigure.web.client.MockRestServiceServerResetTestExecutionListener@2f1de2d6, org.springframework.boot.test.autoconfigure.web.servlet.MockMvcPrintOnlyOnFailureTestExecutionListener@4eb386df, org.springframework.boot.test.autoconfigure.web.servlet.WebDriverTestExecutionListener@79517588, org.springframework.boot.test.autoconfigure.webservices.client.MockWebServiceServerTestExecutionListener@3a0baae5]
13:55:06.536 [main] DEBUG org.springframework.test.annotation.ProfileValueUtils - Retrieved @ProfileValueSourceConfiguration [null] for test class [cumulocity.microservice.translation.manager.AppTest]
13:55:06.536 [main] DEBUG org.springframework.test.annotation.ProfileValueUtils - Retrieved ProfileValueSource type [class org.springframework.test.annotation.SystemProfileValueSource] for class [cumulocity.microservice.translation.manager.AppTest]
13:55:06.538 [main] DEBUG org.springframework.test.annotation.ProfileValueUtils - Retrieved @ProfileValueSourceConfiguration [null] for test class [cumulocity.microservice.translation.manager.AppTest]
13:55:06.538 [main] DEBUG org.springframework.test.annotation.ProfileValueUtils - Retrieved ProfileValueSource type [class org.springframework.test.annotation.SystemProfileValueSource] for class [cumulocity.microservice.translation.manager.AppTest]
13:55:06.538 [main] DEBUG org.springframework.test.annotation.ProfileValueUtils - Retrieved @ProfileValueSourceConfiguration [null] for test class [cumulocity.microservice.translation.manager.AppTest]
13:55:06.538 [main] DEBUG org.springframework.test.annotation.ProfileValueUtils - Retrieved ProfileValueSource type [class org.springframework.test.annotation.SystemProfileValueSource] for class [cumulocity.microservice.translation.manager.AppTest]
13:55:06.539 [main] DEBUG org.springframework.test.annotation.ProfileValueUtils - Retrieved @ProfileValueSourceConfiguration [null] for test class [cumulocity.microservice.translation.manager.AppTest]
13:55:06.539 [main] DEBUG org.springframework.test.annotation.ProfileValueUtils - Retrieved ProfileValueSource type [class org.springframework.test.annotation.SystemProfileValueSource] for class [cumulocity.microservice.translation.manager.AppTest]
13:55:06.543 [main] DEBUG org.springframework.test.context.support.AbstractDirtiesContextTestExecutionListener - Before test class: context [DefaultTestContext@1a760689 testClass = AppTest, testInstance = [null], testMethod = [null], testException = [null], mergedContextConfiguration = [WebMergedContextConfiguration@7241a47d testClass = AppTest, locations = &apos;{}&apos;, classes = &apos;{class cumulocity.microservice.translation.manager.App}&apos;, contextInitializerClasses = &apos;[]&apos;, activeProfiles = &apos;{dev}&apos;, propertySourceLocations = &apos;{}&apos;, propertySourceProperties = &apos;{org.springframework.boot.test.context.SpringBootTestContextBootstrapper=true}&apos;, contextCustomizers = set[org.springframework.boot.test.context.filter.ExcludeFilterContextCustomizer@1e683a3e, org.springframework.boot.test.json.DuplicateJsonObjectContextCustomizerFactory$DuplicateJsonObjectContextCustomizer@759d26fb, org.springframework.boot.test.mock.mockito.MockitoContextCustomizer@0, org.springframework.boot.test.web.client.TestRestTemplateContextCustomizer@156b88f5, org.springframework.boot.test.autoconfigure.actuate.metrics.MetricsExportContextCustomizerFactory$DisableMetricExportContextCustomizer@3232a28a, org.springframework.boot.test.autoconfigure.properties.PropertyMappingContextCustomizer@0, org.springframework.boot.test.autoconfigure.web.servlet.WebDriverContextCustomizerFactory$Customizer@543588e6, org.springframework.boot.test.context.SpringBootTestArgs@1, org.springframework.boot.test.context.SpringBootTestWebEnvironment@23348b5d], resourceBasePath = &apos;src/main/webapp&apos;, contextLoader = &apos;org.springframework.boot.test.context.SpringBootContextLoader&apos;, parent = [null]], attributes = map[&apos;org.springframework.test.context.web.ServletTestExecutionListener.activateListener&apos; -&gt; true]], class annotated with @DirtiesContext [false] with mode [null].
13:55:06.544 [main] DEBUG org.springframework.test.annotation.ProfileValueUtils - Retrieved @ProfileValueSourceConfiguration [null] for test class [cumulocity.microservice.translation.manager.AppTest]
13:55:06.544 [main] DEBUG org.springframework.test.annotation.ProfileValueUtils - Retrieved ProfileValueSource type [class org.springframework.test.annotation.SystemProfileValueSource] for class [cumulocity.microservice.translation.manager.AppTest]
           _                                    _          
          (_)                                  (_)         
 _ __ ___  _  ___ _ __ ___  ___  ___ _ ____   ___  ___ ___ 
| &apos;_ ` _ \| |/ __| &apos;__/ _ \/ __|/ _ \ &apos;__\ \ / / |/ __/ _ \
| | | | | | | (__| | | (_) \__ \  __/ |   \ V /| | (_|  __/
|_| |_| |_|_|\___|_|  \___/|___/\___|_|    \_/ |_|\___\___|
                                                           
                                                                  
Version (1.0.0-SNAPSHOT)

 :: Cumulocity Microservices SDK (1017.73.0) ::                                                                                                                
 :: Spring Boot (v2.7.6) ::
 
2023-06-12 13:55:06.861  INFO 69876 --- [           main] c.m.translation.manager.AppTest          : Starting AppTest using Java 11.0.12 on SAG-68C4GG3 with PID 69876 (started by APES in C:\Users\APES\Development\workspace51\cumulocity-translation-manager-api)
2023-06-12 13:55:06.862  INFO 69876 --- [           main] c.m.translation.manager.AppTest          : The following 1 profile is active: &quot;dev&quot;
2023-06-12 13:55:07.757  INFO 69876 --- [           main] o.s.c.a.ConfigurationClassEnhancer       : @Bean method EnableContextSupportConfiguration.propertySourcesPlaceholderConfigurer is non-static and returns an object assignable to Spring&apos;s BeanFactoryPostProcessor interface. This will result in a failure to process annotations such as @Autowired, @Resource and @PostConstruct within the method&apos;s declaring @Configuration class. Add the &apos;static&apos; modifier to this method to avoid these container lifecycle issues; see @Bean javadoc for complete details.
2023-06-12 13:55:07.780  INFO 69876 --- [           main] o.s.c.a.ConfigurationClassEnhancer       : @Bean method EnableContextSupportConfiguration.contextScopeConfigurer is non-static and returns an object assignable to Spring&apos;s BeanFactoryPostProcessor interface. This will result in a failure to process annotations such as @Autowired, @Resource and @PostConstruct within the method&apos;s declaring @Configuration class. Add the &apos;static&apos; modifier to this method to avoid these container lifecycle issues; see @Bean javadoc for complete details.
2023-06-12 13:55:07.938  INFO 69876 --- [           main] trationDelegate$BeanPostProcessorChecker : Bean &apos;com.cumulocity.microservice.security.annotation.UserDetailsServiceConfiguration&apos; of type [com.cumulocity.microservice.security.annotation.UserDetailsServiceConfiguration$$EnhancerBySpringCGLIB$$779f905d] is not eligible for getting processed by all BeanPostProcessors (for example: not eligible for auto-proxying)
2023-06-12 13:55:07.958  INFO 69876 --- [           main] trationDelegate$BeanPostProcessorChecker : Bean &apos;applicationApi&apos; of type [org.springframework.aop.scope.ScopedProxyFactoryBean] is not eligible for getting processed by all BeanPostProcessors (for example: not eligible for auto-proxying)
2023-06-12 13:55:07.958  INFO 69876 --- [           main] trationDelegate$BeanPostProcessorChecker : Bean &apos;applicationApi&apos; of type [com.cumulocity.microservice.subscription.repository.application.ApplicationApi$$EnhancerBySpringCGLIB$$e2a2715c] is not eligible for getting processed by all BeanPostProcessors (for example: not eligible for auto-proxying)
2023-06-12 13:55:07.962  INFO 69876 --- [           main] trationDelegate$BeanPostProcessorChecker : Bean &apos;securityExpressionService&apos; of type [com.cumulocity.microservice.security.service.impl.SecurityExpressionServiceImpl] is not eligible for getting processed by all BeanPostProcessors (for example: not eligible for auto-proxying)
2023-06-12 13:55:07.963  INFO 69876 --- [           main] trationDelegate$BeanPostProcessorChecker : Bean &apos;com.cumulocity.microservice.security.annotation.EnableGlobalMethodSecurityConfiguration&apos; of type [com.cumulocity.microservice.security.annotation.EnableGlobalMethodSecurityConfiguration$$EnhancerBySpringCGLIB$$c5051eb4] is not eligible for getting processed by all BeanPostProcessors (for example: not eligible for auto-proxying)
2023-06-12 13:55:08.065  INFO 69876 --- [           main] bleMicroserviceSubscriptionConfiguration : Microservice repository will be build for application &apos;translation-manager-api&apos;.
2023-06-12 13:55:08.207  WARN 69876 --- [           main] .m.s.s.i.MicroserviceSettingsServiceImpl : Loading tenant options using bootstrap credentials!
2023-06-12 13:55:23.286  WARN 69876 --- [           main] c.c.m.context.ContextServiceImpl         : execution of task failed within tenant :  - Error creating bean with name &apos;scopedTarget.tenantRestConnector&apos; defined in com.cumulocity.microservice.api.CumulocityClientFeature$TenantPlatformConfig: Bean instantiation via factory method failed; nested exception is org.springframework.beans.BeanInstantiationException: Failed to instantiate [com.cumulocity.sdk.client.RestConnector]: Factory method &apos;tenantRestConnector&apos; threw exception; nested exception is org.springframework.beans.factory.BeanCreationException: Error creating bean with name &apos;scopedTarget.tenantPlatform&apos;: Injection of autowired dependencies failed; nested exception is java.lang.StringIndexOutOfBoundsException: String index out of range: -1 
2023-06-12 13:55:23.288  WARN 69876 --- [           main] o.s.w.c.s.GenericWebApplicationContext   : Exception encountered during context initialization - cancelling refresh attempt: org.springframework.beans.factory.UnsatisfiedDependencyException: Error creating bean with name &apos;org.springframework.security.config.annotation.web.configuration.WebSecurityConfiguration&apos;: Unsatisfied dependency expressed through method &apos;setFilterChains&apos; parameter 0; nested exception is org.springframework.beans.factory.UnsatisfiedDependencyException: Error creating bean with name &apos;apiFilterChanin&apos; defined in class path resource [cumulocity/microservice/translation/manager/config/AppSpecificSecurityConfig.class]: Unsatisfied dependency expressed through method &apos;apiFilterChanin&apos; parameter 0; nested exception is org.springframework.beans.factory.BeanCreationException: Error creating bean with name &apos;org.springframework.security.config.annotation.web.configuration.HttpSecurityConfiguration.httpSecurity&apos; defined in class path resource [org/springframework/security/config/annotation/web/configuration/HttpSecurityConfiguration.class]: Bean instantiation via factory method failed; nested exception is org.springframework.beans.BeanInstantiationException: Failed to instantiate [org.springframework.security.config.annotation.web.builders.HttpSecurity]: Factory method &apos;httpSecurity&apos; threw exception; nested exception is org.springframework.beans.factory.UnsatisfiedDependencyException: Error creating bean with name &apos;com.cumulocity.microservice.security.token.CumulocityOAuthConfiguration$AuthenticationConfigurer&apos;: Unsatisfied dependency expressed through field &apos;jwtTokenAuthenticationProvider&apos;; nested exception is org.springframework.beans.factory.UnsatisfiedDependencyException: Error creating bean with name &apos;jwtTokenAuthenticationProvider&apos; defined in com.cumulocity.microservice.security.token.CumulocityOAuthConfiguration: Unsatisfied dependency expressed through method &apos;jwtTokenAuthenticationProvider&apos; parameter 0; nested exception is org.springframework.beans.factory.BeanCreationException: Error creating bean with name &apos;jwtAuthenticatedTokenCache&apos; defined in com.cumulocity.microservice.security.annotation.TokenCacheConfiguration: Bean instantiation via factory method failed; nested exception is org.springframework.beans.BeanInstantiationException: Failed to instantiate [com.cumulocity.microservice.security.token.JwtAuthenticatedTokenCache]: Factory method &apos;jwtAuthenticatedTokenCache&apos; threw exception; nested exception is com.google.common.util.concurrent.UncheckedExecutionException: org.springframework.beans.factory.BeanCreationException: Error creating bean with name &apos;scopedTarget.tenantRestConnector&apos; defined in com.cumulocity.microservice.api.CumulocityClientFeature$TenantPlatformConfig: Bean instantiation via factory method failed; nested exception is org.springframework.beans.BeanInstantiationException: Failed to instantiate [com.cumulocity.sdk.client.RestConnector]: Factory method &apos;tenantRestConnector&apos; threw exception; nested exception is org.springframework.beans.factory.BeanCreationException: Error creating bean with name &apos;scopedTarget.tenantPlatform&apos;: Injection of autowired dependencies failed; nested exception is java.lang.StringIndexOutOfBoundsException: String index out of range: -1
2023-06-12 13:55:23.296  INFO 69876 --- [           main] ConditionEvaluationReportLoggingListener : 

Error starting ApplicationContext. To display the conditions report re-run your application with &apos;debug&apos; enabled.
2023-06-12 13:55:23.319 ERROR 69876 --- [           main] o.s.boot.SpringApplication               : Application run failed

org.springframework.beans.factory.UnsatisfiedDependencyException: Error creating bean with name &apos;org.springframework.security.config.annotation.web.configuration.WebSecurityConfiguration&apos;: Unsatisfied dependency expressed through method &apos;setFilterChains&apos; parameter 0; nested exception is org.springframework.beans.factory.UnsatisfiedDependencyException: Error creating bean with name &apos;apiFilterChanin&apos; defined in class path resource [cumulocity/microservice/translation/manager/config/AppSpecificSecurityConfig.class]: Unsatisfied dependency expressed through method &apos;apiFilterChanin&apos; parameter 0; nested exception is org.springframework.beans.factory.BeanCreationException: Error creating bean with name &apos;org.springframework.security.config.annotation.web.configuration.HttpSecurityConfiguration.httpSecurity&apos; defined in class path resource [org/springframework/security/config/annotation/web/configuration/HttpSecurityConfiguration.class]: Bean instantiation via factory method failed; nested exception is org.springframework.beans.BeanInstantiationException: Failed to instantiate [org.springframework.security.config.annotation.web.builders.HttpSecurity]: Factory method &apos;httpSecurity&apos; threw exception; nested exception is org.springframework.beans.factory.UnsatisfiedDependencyException: Error creating bean with name &apos;com.cumulocity.microservice.security.token.CumulocityOAuthConfiguration$AuthenticationConfigurer&apos;: Unsatisfied dependency expressed through field &apos;jwtTokenAuthenticationProvider&apos;; nested exception is org.springframework.beans.factory.UnsatisfiedDependencyException: Error creating bean with name &apos;jwtTokenAuthenticationProvider&apos; defined in com.cumulocity.microservice.security.token.CumulocityOAuthConfiguration: Unsatisfied dependency expressed through method &apos;jwtTokenAuthenticationProvider&apos; parameter 0; nested exception is org.springframework.beans.factory.BeanCreationException: Error creating bean with name &apos;jwtAuthenticatedTokenCache&apos; defined in com.cumulocity.microservice.security.annotation.TokenCacheConfiguration: Bean instantiation via factory method failed; nested exception is org.springframework.beans.BeanInstantiationException: Failed to instantiate [com.cumulocity.microservice.security.token.JwtAuthenticatedTokenCache]: Factory method &apos;jwtAuthenticatedTokenCache&apos; threw exception; nested exception is com.google.common.util.concurrent.UncheckedExecutionException: org.springframework.beans.factory.BeanCreationException: Error creating bean with name &apos;scopedTarget.tenantRestConnector&apos; defined in com.cumulocity.microservice.api.CumulocityClientFeature$TenantPlatformConfig: Bean instantiation via factory method failed; nested exception is org.springframework.beans.BeanInstantiationException: Failed to instantiate [com.cumulocity.sdk.client.RestConnector]: Factory method &apos;tenantRestConnector&apos; threw exception; nested exception is org.springframework.beans.factory.BeanCreationException: Error creating bean with name &apos;scopedTarget.tenantPlatform&apos;: Injection of autowired dependencies failed; nested exception is java.lang.StringIndexOutOfBoundsException: String index out of range: -1
	at org.springframework.beans.factory.annotation.AutowiredAnnotationBeanPostProcessor$AutowiredMethodElement.resolveMethodArguments(AutowiredAnnotationBeanPostProcessor.java:768) ~[spring-beans-5.3.24.jar:5.3.24]
	at org.springframework.beans.factory.annotation.AutowiredAnnotationBeanPostProcessor$AutowiredMethodElement.inject(AutowiredAnnotationBeanPostProcessor.java:720) ~[spring-beans-5.3.24.jar:5.3.24]
	at org.springframework.beans.factory.annotation.InjectionMetadata.inject(InjectionMetadata.java:119) ~[spring-beans-5.3.24.jar:5.3.24]
	at org.springframework.beans.factory.annotation.AutowiredAnnotationBeanPostProcessor.postProcessProperties(AutowiredAnnotationBeanPostProcessor.java:399) ~[spring-beans-5.3.24.jar:5.3.24]
	at org.springframework.beans.factory.support.AbstractAutowireCapableBeanFactory.populateBean(AbstractAutowireCapableBeanFactory.java:1431) ~[spring-beans-5.3.24.jar:5.3.24]
	at org.springframework.beans.factory.support.AbstractAutowireCapableBeanFactory.doCreateBean(AbstractAutowireCapableBeanFactory.java:619) ~[spring-beans-5.3.24.jar:5.3.24]
	at org.springframework.beans.factory.support.AbstractAutowireCapableBeanFactory.createBean(AbstractAutowireCapableBeanFactory.java:542) ~[spring-beans-5.3.24.jar:5.3.24]
	at org.springframework.beans.factory.support.AbstractBeanFactory.lambda$doGetBean$0(AbstractBeanFactory.java:335) ~[spring-beans-5.3.24.jar:5.3.24]
	at org.springframework.beans.factory.support.DefaultSingletonBeanRegistry.getSingleton(DefaultSingletonBeanRegistry.java:234) ~[spring-beans-5.3.24.jar:5.3.24]
	at org.springframework.beans.factory.support.AbstractBeanFactory.doGetBean(AbstractBeanFactory.java:333) ~[spring-beans-5.3.24.jar:5.3.24]
	at org.springframework.beans.factory.support.AbstractBeanFactory.getBean(AbstractBeanFactory.java:208) ~[spring-beans-5.3.24.jar:5.3.24]
	at org.springframework.beans.factory.support.DefaultListableBeanFactory.preInstantiateSingletons(DefaultListableBeanFactory.java:955) ~[spring-beans-5.3.24.jar:5.3.24]
	at org.springframework.context.support.AbstractApplicationContext.finishBeanFactoryInitialization(AbstractApplicationContext.java:918) ~[spring-context-5.3.24.jar:5.3.24]
	at org.springframework.context.support.AbstractApplicationContext.refresh(AbstractApplicationContext.java:583) ~[spring-context-5.3.24.jar:5.3.24]
	at org.springframework.boot.SpringApplication.refresh(SpringApplication.java:731) ~[spring-boot-2.7.6.jar:2.7.6]
	at org.springframework.boot.SpringApplication.refreshContext(SpringApplication.java:408) ~[spring-boot-2.7.6.jar:2.7.6]
	at org.springframework.boot.SpringApplication.run(SpringApplication.java:307) ~[spring-boot-2.7.6.jar:2.7.6]
	at org.springframework.boot.test.context.SpringBootContextLoader.loadContext(SpringBootContextLoader.java:136) ~[spring-boot-test-2.7.6.jar:2.7.6]
	at org.springframework.test.context.cache.DefaultCacheAwareContextLoaderDelegate.loadContextInternal(DefaultCacheAwareContextLoaderDelegate.java:141) ~[spring-test-5.3.24.jar:5.3.24]
	at org.springframework.test.context.cache.DefaultCacheAwareContextLoaderDelegate.loadContext(DefaultCacheAwareContextLoaderDelegate.java:90) ~[spring-test-5.3.24.jar:5.3.24]
	at org.springframework.test.context.support.DefaultTestContext.getApplicationContext(DefaultTestContext.java:124) ~[spring-test-5.3.24.jar:5.3.24]
	at org.springframework.test.context.web.ServletTestExecutionListener.setUpRequestContextIfNecessary(ServletTestExecutionListener.java:190) ~[spring-test-5.3.24.jar:5.3.24]
	at org.springframework.test.context.web.ServletTestExecutionListener.prepareTestInstance(ServletTestExecutionListener.java:132) ~[spring-test-5.3.24.jar:5.3.24]
	at org.springframework.test.context.TestContextManager.prepareTestInstance(TestContextManager.java:248) ~[spring-test-5.3.24.jar:5.3.24]
	at org.springframework.test.context.junit4.SpringJUnit4ClassRunner.createTest(SpringJUnit4ClassRunner.java:227) ~[spring-test-5.3.24.jar:5.3.24]
	at org.springframework.test.context.junit4.SpringJUnit4ClassRunner$1.runReflectiveCall(SpringJUnit4ClassRunner.java:289) ~[spring-test-5.3.24.jar:5.3.24]
	at org.junit.internal.runners.model.ReflectiveCallable.run(ReflectiveCallable.java:12) ~[junit-4.13.1.jar:4.13.1]
	at org.springframework.test.context.junit4.SpringJUnit4ClassRunner.methodBlock(SpringJUnit4ClassRunner.java:291) ~[spring-test-5.3.24.jar:5.3.24]
	at org.springframework.test.context.junit4.SpringJUnit4ClassRunner.runChild(SpringJUnit4ClassRunner.java:246) ~[spring-test-5.3.24.jar:5.3.24]
	at org.springframework.test.context.junit4.SpringJUnit4ClassRunner.runChild(SpringJUnit4ClassRunner.java:97) ~[spring-test-5.3.24.jar:5.3.24]
	at org.junit.runners.ParentRunner$4.run(ParentRunner.java:331) ~[junit-4.13.1.jar:4.13.1]
	at org.junit.runners.ParentRunner$1.schedule(ParentRunner.java:79) ~[junit-4.13.1.jar:4.13.1]
	at org.junit.runners.ParentRunner.runChildren(ParentRunner.java:329) ~[junit-4.13.1.jar:4.13.1]
	at org.junit.runners.ParentRunner.access$100(ParentRunner.java:66) ~[junit-4.13.1.jar:4.13.1]
	at org.junit.runners.ParentRunner$2.evaluate(ParentRunner.java:293) ~[junit-4.13.1.jar:4.13.1]
	at org.springframework.test.context.junit4.statements.RunBeforeTestClassCallbacks.evaluate(RunBeforeTestClassCallbacks.java:61) ~[spring-test-5.3.24.jar:5.3.24]
	at org.springframework.test.context.junit4.statements.RunAfterTestClassCallbacks.evaluate(RunAfterTestClassCallbacks.java:70) ~[spring-test-5.3.24.jar:5.3.24]
	at org.junit.runners.ParentRunner$3.evaluate(ParentRunner.java:306) ~[junit-4.13.1.jar:4.13.1]
	at org.junit.runners.ParentRunner.run(ParentRunner.java:413) ~[junit-4.13.1.jar:4.13.1]
	at org.springframework.test.context.junit4.SpringJUnit4ClassRunner.run(SpringJUnit4ClassRunner.java:190) ~[spring-test-5.3.24.jar:5.3.24]
	at org.apache.maven.surefire.junit4.JUnit4Provider.execute(JUnit4Provider.java:252) ~[na:na]
	at org.apache.maven.surefire.junit4.JUnit4Provider.executeTestSet(JUnit4Provider.java:141) ~[na:na]
	at org.apache.maven.surefire.junit4.JUnit4Provider.invoke(JUnit4Provider.java:112) ~[na:na]
	at java.base/jdk.internal.reflect.NativeMethodAccessorImpl.invoke0(Native Method) ~[na:na]
	at java.base/jdk.internal.reflect.NativeMethodAccessorImpl.invoke(NativeMethodAccessorImpl.java:62) ~[na:na]
	at java.base/jdk.internal.reflect.DelegatingMethodAccessorImpl.invoke(DelegatingMethodAccessorImpl.java:43) ~[na:na]
	at java.base/java.lang.reflect.Method.invoke(Method.java:566) ~[na:na]
	at org.apache.maven.surefire.util.ReflectionUtils.invokeMethodWithArray(ReflectionUtils.java:189) ~[surefire-api-2.12.4.jar:2.12.4]
	at org.apache.maven.surefire.booter.ProviderFactory$ProviderProxy.invoke(ProviderFactory.java:165) ~[surefire-booter-2.12.4.jar:2.12.4]
	at org.apache.maven.surefire.booter.ProviderFactory.invokeProvider(ProviderFactory.java:85) ~[surefire-booter-2.12.4.jar:2.12.4]
	at org.apache.maven.surefire.booter.ForkedBooter.runSuitesInProcess(ForkedBooter.java:115) ~[surefire-booter-2.12.4.jar:2.12.4]
	at org.apache.maven.surefire.booter.ForkedBooter.main(ForkedBooter.java:75) ~[surefire-booter-2.12.4.jar:2.12.4]
[...]
	at org.springframework.beans.factory.support.AbstractBeanFactory.doGetBean(AbstractBeanFactory.java:333) ~[spring-beans-5.3.24.jar:5.3.24]
	at org.springframework.beans.factory.support.AbstractBeanFactory.getBean(AbstractBeanFactory.java:208) ~[spring-beans-5.3.24.jar:5.3.24]
	at org.springframework.beans.factory.config.DependencyDescriptor.resolveCandidate(DependencyDescriptor.java:276) ~[spring-beans-5.3.24.jar:5.3.24]
	at org.springframework.beans.factory.support.DefaultListableBeanFactory.doResolveDependency(DefaultListableBeanFactory.java:1391) ~[spring-beans-5.3.24.jar:5.3.24]
	at org.springframework.beans.factory.support.DefaultListableBeanFactory.resolveDependency(DefaultListableBeanFactory.java:1311) ~[spring-beans-5.3.24.jar:5.3.24]
	at org.springframework.beans.factory.support.ConstructorResolver.resolveAutowiredArgument(ConstructorResolver.java:887) ~[spring-beans-5.3.24.jar:5.3.24]
	at org.springframework.beans.factory.support.ConstructorResolver.createArgumentArray(ConstructorResolver.java:791) ~[spring-beans-5.3.24.jar:5.3.24]
	... 118 common frames omitted
Caused by: org.springframework.beans.BeanInstantiationException: Failed to instantiate [com.cumulocity.microservice.security.token.JwtAuthenticatedTokenCache]: Factory method &apos;jwtAuthenticatedTokenCache&apos; threw exception; nested exception is com.google.common.util.concurrent.UncheckedExecutionException: org.springframework.beans.factory.BeanCreationException: Error creating bean with name &apos;scopedTarget.tenantRestConnector&apos; defined in com.cumulocity.microservice.api.CumulocityClientFeature$TenantPlatformConfig: Bean instantiation via factory method failed; nested exception is org.springframework.beans.BeanInstantiationException: Failed to instantiate [com.cumulocity.sdk.client.RestConnector]: Factory method &apos;tenantRestConnector&apos; threw exception; nested exception is org.springframework.beans.factory.BeanCreationException: Error creating bean with name &apos;scopedTarget.tenantPlatform&apos;: Injection of autowired dependencies failed; nested exception is java.lang.StringIndexOutOfBoundsException: String index out of range: -1
	at org.springframework.beans.factory.support.SimpleInstantiationStrategy.instantiate(SimpleInstantiationStrategy.java:185) ~[spring-beans-5.3.24.jar:5.3.24]
	at org.springframework.beans.factory.support.ConstructorResolver.instantiate(ConstructorResolver.java:653) ~[spring-beans-5.3.24.jar:5.3.24]
	... 132 common frames omitted
Caused by: com.google.common.util.concurrent.UncheckedExecutionException: org.springframework.beans.factory.BeanCreationException: Error creating bean with name &apos;scopedTarget.tenantRestConnector&apos; defined in com.cumulocity.microservice.api.CumulocityClientFeature$TenantPlatformConfig: Bean instantiation via factory method failed; nested exception is org.springframework.beans.BeanInstantiationException: Failed to instantiate [com.cumulocity.sdk.client.RestConnector]: Factory method &apos;tenantRestConnector&apos; threw exception; nested exception is org.springframework.beans.factory.BeanCreationException: Error creating bean with name &apos;scopedTarget.tenantPlatform&apos;: Injection of autowired dependencies failed; nested exception is java.lang.StringIndexOutOfBoundsException: String index out of range: -1
	at com.google.common.cache.LocalCache$Segment.get(LocalCache.java:2055) ~[guava-31.0.1-jre.jar:na]
	at com.google.common.cache.LocalCache.get(LocalCache.java:3966) ~[guava-31.0.1-jre.jar:na]
	at com.google.common.cache.LocalCache$LocalManualCache.get(LocalCache.java:4863) ~[guava-31.0.1-jre.jar:na]
	at com.cumulocity.microservice.settings.service.impl.MicroserviceSettingsServiceImpl.getAll(MicroserviceSettingsServiceImpl.java:39) ~[microservice-settings-1017.73.0.jar:na]
	at com.cumulocity.microservice.settings.service.impl.MicroserviceSettingsServiceImpl.get(MicroserviceSettingsServiceImpl.java:83) ~[microservice-settings-1017.73.0.jar:na]
	at com.cumulocity.microservice.security.annotation.TokenCacheConfiguration.lambda$jwtAuthenticatedTokenCache$0(TokenCacheConfiguration.java:36) ~[microservice-security-1017.73.0.jar:na]
	at java.base/java.util.Optional.map(Optional.java:265) ~[na:na]
	at com.cumulocity.microservice.security.annotation.TokenCacheConfiguration.jwtAuthenticatedTokenCache(TokenCacheConfiguration.java:36) ~[microservice-security-1017.73.0.jar:na]
	at com.cumulocity.microservice.security.annotation.TokenCacheConfiguration$$EnhancerBySpringCGLIB$$bb85ac92.CGLIB$jwtAuthenticatedTokenCache$0(&lt;generated&gt;) ~[microservice-security-1017.73.0.jar:na]
	at com.cumulocity.microservice.security.annotation.TokenCacheConfiguration$$EnhancerBySpringCGLIB$$bb85ac92$$FastClassBySpringCGLIB$$a7a6e5f9.invoke(&lt;generated&gt;) ~[microservice-security-1017.73.0.jar:na]
	at org.springframework.cglib.proxy.MethodProxy.invokeSuper(MethodProxy.java:244) ~[spring-core-5.3.24.jar:5.3.24]
	at org.springframework.context.annotation.ConfigurationClassEnhancer$BeanMethodInterceptor.intercept(ConfigurationClassEnhancer.java:331) ~[spring-context-5.3.24.jar:5.3.24]
	at com.cumulocity.microservice.security.annotation.TokenCacheConfiguration$$EnhancerBySpringCGLIB$$bb85ac92.jwtAuthenticatedTokenCache(&lt;generated&gt;) ~[microservice-security-1017.73.0.jar:na]
	at java.base/jdk.internal.reflect.NativeMethodAccessorImpl.invoke0(Native Method) ~[na:na]
	at java.base/jdk.internal.reflect.NativeMethodAccessorImpl.invoke(NativeMethodAccessorImpl.java:62) ~[na:na]
	at java.base/jdk.internal.reflect.DelegatingMethodAccessorImpl.invoke(DelegatingMethodAccessorImpl.java:43) ~[na:na]
	at java.base/java.lang.reflect.Method.invoke(Method.java:566) ~[na:na]
	at org.springframework.beans.factory.support.SimpleInstantiationStrategy.instantiate(SimpleInstantiationStrategy.java:154) ~[spring-beans-5.3.24.jar:5.3.24]
	... 133 common frames omitted
Caused by: org.springframework.beans.factory.BeanCreationException: Error creating bean with name &apos;scopedTarget.tenantRestConnector&apos; defined in com.cumulocity.microservice.api.CumulocityClientFeature$TenantPlatformConfig: Bean instantiation via factory method failed; nested exception is org.springframework.beans.BeanInstantiationException: Failed to instantiate [com.cumulocity.sdk.client.RestConnector]: Factory method &apos;tenantRestConnector&apos; threw exception; nested exception is org.springframework.beans.factory.BeanCreationException: Error creating bean with name &apos;scopedTarget.tenantPlatform&apos;: Injection of autowired dependencies failed; nested exception is java.lang.StringIndexOutOfBoundsException: String index out of range: -1
	at org.springframework.beans.factory.support.ConstructorResolver.instantiate(ConstructorResolver.java:658) ~[spring-beans-5.3.24.jar:5.3.24]
	at org.springframework.beans.factory.support.ConstructorResolver.instantiateUsingFactoryMethod(ConstructorResolver.java:486) ~[spring-beans-5.3.24.jar:5.3.24]
	at org.springframework.beans.factory.support.AbstractAutowireCapableBeanFactory.instantiateUsingFactoryMethod(AbstractAutowireCapableBeanFactory.java:1352) ~[spring-beans-5.3.24.jar:5.3.24]
	at org.springframework.beans.factory.support.AbstractAutowireCapableBeanFactory.createBeanInstance(AbstractAutowireCapableBeanFactory.java:1195) ~[spring-beans-5.3.24.jar:5.3.24]
	at org.springframework.beans.factory.support.AbstractAutowireCapableBeanFactory.doCreateBean(AbstractAutowireCapableBeanFactory.java:582) ~[spring-beans-5.3.24.jar:5.3.24]
	at org.springframework.beans.factory.support.AbstractAutowireCapableBeanFactory.createBean(AbstractAutowireCapableBeanFactory.java:542) ~[spring-beans-5.3.24.jar:5.3.24]
	at org.springframework.beans.factory.support.AbstractBeanFactory.lambda$doGetBean$1(AbstractBeanFactory.java:374) ~[spring-beans-5.3.24.jar:5.3.24]
	at com.cumulocity.microservice.context.scope.BaseScope.getObjectFromFactory(BaseScope.java:132) ~[microservice-context-1017.73.0.jar:na]
	at com.cumulocity.microservice.context.scope.BaseScope.createNew(BaseScope.java:99) ~[microservice-context-1017.73.0.jar:na]
	at com.cumulocity.microservice.context.scope.BaseScope.doGet(BaseScope.java:88) ~[microservice-context-1017.73.0.jar:na]
	at com.cumulocity.microservice.context.scope.BaseScope.doGetSynchronized(BaseScope.java:77) ~[microservice-context-1017.73.0.jar:na]
	at com.cumulocity.microservice.context.scope.BaseScope.get(BaseScope.java:67) ~[microservice-context-1017.73.0.jar:na]
	at org.springframework.beans.factory.support.AbstractBeanFactory.doGetBean(AbstractBeanFactory.java:371) ~[spring-beans-5.3.24.jar:5.3.24]
	at org.springframework.beans.factory.support.AbstractBeanFactory.getBean(AbstractBeanFactory.java:208) ~[spring-beans-5.3.24.jar:5.3.24]
	at org.springframework.aop.target.SimpleBeanTargetSource.getTarget(SimpleBeanTargetSource.java:35) ~[spring-aop-5.3.24.jar:5.3.24]
	at org.springframework.aop.framework.CglibAopProxy$DynamicAdvisedInterceptor.intercept(CglibAopProxy.java:692) ~[spring-aop-5.3.24.jar:5.3.24]
	at com.cumulocity.sdk.client.RestConnector$$EnhancerBySpringCGLIB$$b623b120.get(&lt;generated&gt;) ~[java-client-1017.73.0.jar:na]
	at com.cumulocity.microservice.settings.repository.CurrentApplicationSettingsApi.lambda$findAll$0(CurrentApplicationSettingsApi.java:27) ~[microservice-settings-1017.73.0.jar:na]
	at com.cumulocity.microservice.settings.repository.CurrentApplicationSettingsApi$SettingsRetry.execute(CurrentApplicationSettingsApi.java:85) ~[microservice-settings-1017.73.0.jar:na]
	at com.cumulocity.microservice.settings.repository.CurrentApplicationSettingsApi$SettingsRetry.executeWithRetry(CurrentApplicationSettingsApi.java:61) ~[microservice-settings-1017.73.0.jar:na]
	at com.cumulocity.microservice.settings.repository.CurrentApplicationSettingsApi$SettingsRetry.executeWithWait(CurrentApplicationSettingsApi.java:80) ~[microservice-settings-1017.73.0.jar:na]
	at com.cumulocity.microservice.settings.repository.CurrentApplicationSettingsApi$SettingsRetry.executeWithRetry(CurrentApplicationSettingsApi.java:64) ~[microservice-settings-1017.73.0.jar:na]
	at com.cumulocity.microservice.settings.repository.CurrentApplicationSettingsApi$SettingsRetry.executeWithWait(CurrentApplicationSettingsApi.java:80) ~[microservice-settings-1017.73.0.jar:na]
	at com.cumulocity.microservice.settings.repository.CurrentApplicationSettingsApi$SettingsRetry.executeWithRetry(CurrentApplicationSettingsApi.java:64) ~[microservice-settings-1017.73.0.jar:na]
	at com.cumulocity.microservice.settings.repository.CurrentApplicationSettingsApi.findAll(CurrentApplicationSettingsApi.java:26) ~[microservice-settings-1017.73.0.jar:na]
	at com.cumulocity.microservice.settings.repository.CurrentApplicationSettingsApi$$FastClassBySpringCGLIB$$4dc87c3.invoke(&lt;generated&gt;) ~[microservice-settings-1017.73.0.jar:na]
	at org.springframework.cglib.proxy.MethodProxy.invoke(MethodProxy.java:218) ~[spring-core-5.3.24.jar:5.3.24]
	at org.springframework.aop.framework.CglibAopProxy$CglibMethodInvocation.invokeJoinpoint(CglibAopProxy.java:793) ~[spring-aop-5.3.24.jar:5.3.24]
	at org.springframework.aop.framework.ReflectiveMethodInvocation.proceed(ReflectiveMethodInvocation.java:163) ~[spring-aop-5.3.24.jar:5.3.24]
	at org.springframework.aop.framework.CglibAopProxy$CglibMethodInvocation.proceed(CglibAopProxy.java:763) ~[spring-aop-5.3.24.jar:5.3.24]
	at org.springframework.aop.support.DelegatingIntroductionInterceptor.doProceed(DelegatingIntroductionInterceptor.java:137) ~[spring-aop-5.3.24.jar:5.3.24]
	at org.springframework.aop.support.DelegatingIntroductionInterceptor.invoke(DelegatingIntroductionInterceptor.java:124) ~[spring-aop-5.3.24.jar:5.3.24]
	at org.springframework.aop.framework.ReflectiveMethodInvocation.proceed(ReflectiveMethodInvocation.java:186) ~[spring-aop-5.3.24.jar:5.3.24]
	at org.springframework.aop.framework.CglibAopProxy$CglibMethodInvocation.proceed(CglibAopProxy.java:763) ~[spring-aop-5.3.24.jar:5.3.24]
	at org.springframework.aop.framework.CglibAopProxy$DynamicAdvisedInterceptor.intercept(CglibAopProxy.java:708) ~[spring-aop-5.3.24.jar:5.3.24]
	at com.cumulocity.microservice.settings.repository.CurrentApplicationSettingsApi$$EnhancerBySpringCGLIB$$ba5dec20.findAll(&lt;generated&gt;) ~[microservice-settings-1017.73.0.jar:na]
	at com.cumulocity.microservice.settings.service.impl.MicroserviceSettingsServiceImpl$1$1.call(MicroserviceSettingsServiceImpl.java:47) ~[microservice-settings-1017.73.0.jar:na]
	at com.cumulocity.microservice.settings.service.impl.MicroserviceSettingsServiceImpl$1$1.call(MicroserviceSettingsServiceImpl.java:45) ~[microservice-settings-1017.73.0.jar:na]
	at com.cumulocity.microservice.context.ContextServiceImpl.callWithinContext(ContextServiceImpl.java:78) ~[microservice-context-1017.73.0.jar:na]
	at com.cumulocity.microservice.settings.service.impl.MicroserviceSettingsServiceImpl$1.call(MicroserviceSettingsServiceImpl.java:45) ~[microservice-settings-1017.73.0.jar:na]
	at com.cumulocity.microservice.settings.service.impl.MicroserviceSettingsServiceImpl$1.call(MicroserviceSettingsServiceImpl.java:39) ~[microservice-settings-1017.73.0.jar:na]
	at com.google.common.cache.LocalCache$LocalManualCache$1.load(LocalCache.java:4868) ~[guava-31.0.1-jre.jar:na]
	at com.google.common.cache.LocalCache$LoadingValueReference.loadFuture(LocalCache.java:3533) ~[guava-31.0.1-jre.jar:na]
	at com.google.common.cache.LocalCache$Segment.loadSync(LocalCache.java:2282) ~[guava-31.0.1-jre.jar:na]
	at com.google.common.cache.LocalCache$Segment.lockedGetOrLoad(LocalCache.java:2159) ~[guava-31.0.1-jre.jar:na]
	at com.google.common.cache.LocalCache$Segment.get(LocalCache.java:2049) ~[guava-31.0.1-jre.jar:na]
	... 150 common frames omitted
Caused by: org.springframework.beans.BeanInstantiationException: Failed to instantiate [com.cumulocity.sdk.client.RestConnector]: Factory method &apos;tenantRestConnector&apos; threw exception; nested exception is org.springframework.beans.factory.BeanCreationException: Error creating bean with name &apos;scopedTarget.tenantPlatform&apos;: Injection of autowired dependencies failed; nested exception is java.lang.StringIndexOutOfBoundsException: String index out of range: -1
	at org.springframework.beans.factory.support.SimpleInstantiationStrategy.instantiate(SimpleInstantiationStrategy.java:185) ~[spring-beans-5.3.24.jar:5.3.24]
	at org.springframework.beans.factory.support.ConstructorResolver.instantiate(ConstructorResolver.java:653) ~[spring-beans-5.3.24.jar:5.3.24]
	... 195 common frames omitted
Caused by: org.springframework.beans.factory.BeanCreationException: Error creating bean with name &apos;scopedTarget.tenantPlatform&apos;: Injection of autowired dependencies failed; nested exception is java.lang.StringIndexOutOfBoundsException: String index out of range: -1
	at org.springframework.beans.factory.annotation.AutowiredAnnotationBeanPostProcessor.postProcessProperties(AutowiredAnnotationBeanPostProcessor.java:405) ~[spring-beans-5.3.24.jar:5.3.24]
	at org.springframework.beans.factory.support.AbstractAutowireCapableBeanFactory.populateBean(AbstractAutowireCapableBeanFactory.java:1431) ~[spring-beans-5.3.24.jar:5.3.24]
	at org.springframework.beans.factory.support.AbstractAutowireCapableBeanFactory.doCreateBean(AbstractAutowireCapableBeanFactory.java:619) ~[spring-beans-5.3.24.jar:5.3.24]
	at org.springframework.beans.factory.support.AbstractAutowireCapableBeanFactory.createBean(AbstractAutowireCapableBeanFactory.java:542) ~[spring-beans-5.3.24.jar:5.3.24]
	at org.springframework.beans.factory.support.AbstractBeanFactory.lambda$doGetBean$1(AbstractBeanFactory.java:374) ~[spring-beans-5.3.24.jar:5.3.24]
	at com.cumulocity.microservice.context.scope.BaseScope.getObjectFromFactory(BaseScope.java:132) ~[microservice-context-1017.73.0.jar:na]
	at com.cumulocity.microservice.context.scope.BaseScope.createNew(BaseScope.java:99) ~[microservice-context-1017.73.0.jar:na]
	at com.cumulocity.microservice.context.scope.BaseScope.doGet(BaseScope.java:88) ~[microservice-context-1017.73.0.jar:na]
	at com.cumulocity.microservice.context.scope.BaseScope.doGetSynchronized(BaseScope.java:77) ~[microservice-context-1017.73.0.jar:na]
	at com.cumulocity.microservice.context.scope.BaseScope.get(BaseScope.java:67) ~[microservice-context-1017.73.0.jar:na]
	at org.springframework.beans.factory.support.AbstractBeanFactory.doGetBean(AbstractBeanFactory.java:371) ~[spring-beans-5.3.24.jar:5.3.24]
	at org.springframework.beans.factory.support.AbstractBeanFactory.getBean(AbstractBeanFactory.java:208) ~[spring-beans-5.3.24.jar:5.3.24]
	at org.springframework.aop.target.SimpleBeanTargetSource.getTarget(SimpleBeanTargetSource.java:35) ~[spring-aop-5.3.24.jar:5.3.24]
	at org.springframework.aop.framework.CglibAopProxy$DynamicAdvisedInterceptor.intercept(CglibAopProxy.java:692) ~[spring-aop-5.3.24.jar:5.3.24]
	at com.cumulocity.microservice.api.CumulocityClientFeature$TenantPlatformConfig$$EnhancerBySpringCGLIB$$b163cf3e.tenantRestConnector(&lt;generated&gt;) ~[microservice-platform-api-1017.73.0.jar:na]
	at java.base/jdk.internal.reflect.NativeMethodAccessorImpl.invoke0(Native Method) ~[na:na]
	at java.base/jdk.internal.reflect.NativeMethodAccessorImpl.invoke(NativeMethodAccessorImpl.java:62) ~[na:na]
	at java.base/jdk.internal.reflect.DelegatingMethodAccessorImpl.invoke(DelegatingMethodAccessorImpl.java:43) ~[na:na]
	at java.base/java.lang.reflect.Method.invoke(Method.java:566) ~[na:na]
	at org.springframework.beans.factory.support.SimpleInstantiationStrategy.instantiate(SimpleInstantiationStrategy.java:154) ~[spring-beans-5.3.24.jar:5.3.24]
	... 196 common frames omitted
Caused by: java.lang.StringIndexOutOfBoundsException: String index out of range: -1
	at java.base/java.lang.StringLatin1.charAt(StringLatin1.java:47) ~[na:na]
	at java.base/java.lang.String.charAt(String.java:693) ~[na:na]
	at com.cumulocity.sdk.client.PlatformParameters.setMandatoryFields(PlatformParameters.java:99) ~[java-client-1017.73.0.jar:na]
	at com.cumulocity.sdk.client.PlatformParameters.&lt;init&gt;(PlatformParameters.java:109) ~[java-client-1017.73.0.jar:na]
	at com.cumulocity.sdk.client.PlatformParameters.&lt;init&gt;(PlatformParameters.java:95) ~[java-client-1017.73.0.jar:na]
	at com.cumulocity.sdk.client.PlatformImpl.&lt;init&gt;(PlatformImpl.java:89) ~[java-client-1017.73.0.jar:na]
	at com.cumulocity.sdk.client.PlatformBuilder.build(PlatformBuilder.java:21) ~[java-client-1017.73.0.jar:na]
	at com.cumulocity.microservice.api.CumulocityClientFeature.platformFor(CumulocityClientFeature.java:391) ~[microservice-platform-api-1017.73.0.jar:na]
	at com.cumulocity.microservice.api.CumulocityClientFeature.access$000(CumulocityClientFeature.java:44) ~[microservice-platform-api-1017.73.0.jar:na]
	at com.cumulocity.microservice.api.CumulocityClientFeature$TenantPlatformConfig.setContextService(CumulocityClientFeature.java:71) ~[microservice-platform-api-1017.73.0.jar:na]
	at java.base/jdk.internal.reflect.NativeMethodAccessorImpl.invoke0(Native Method) ~[na:na]
	at java.base/jdk.internal.reflect.NativeMethodAccessorImpl.invoke(NativeMethodAccessorImpl.java:62) ~[na:na]
	at java.base/jdk.internal.reflect.DelegatingMethodAccessorImpl.invoke(DelegatingMethodAccessorImpl.java:43) ~[na:na]
	at java.base/java.lang.reflect.Method.invoke(Method.java:566) ~[na:na]
	at org.springframework.beans.factory.annotation.AutowiredAnnotationBeanPostProcessor$AutowiredMethodElement.inject(AutowiredAnnotationBeanPostProcessor.java:725) ~[spring-beans-5.3.24.jar:5.3.24]
	at org.springframework.beans.factory.annotation.InjectionMetadata.inject(InjectionMetadata.java:119) ~[spring-beans-5.3.24.jar:5.3.24]
	at org.springframework.beans.factory.annotation.AutowiredAnnotationBeanPostProcessor.postProcessProperties(AutowiredAnnotationBeanPostProcessor.java:399) ~[spring-beans-5.3.24.jar:5.3.24]
	... 215 common frames omitted

</system-out>
  </testcase>
</testsuite>